Unity Editor version:    2021.3.13f1 (9e7d58001ecf)
Branch:                  2021.3/staging
Build type:              Release
Batch mode:              YES
macOS version:           Version 13.0 (Build 22A380)
Darwin version:          22.1.0
Architecture:            x86_64
Running under Rosetta:   NO
Available memory:        8192 MB
Using pre-set license
Pro License: YES

COMMAND LINE ARGUMENTS:
/Applications/UnityInstalls/2021.3.13f1/Unity.app/Contents/MacOS/Unity
-adb2
-batchMode
-noUpm
-name
AssetImportWorker0
-projectPath
/Users/keenangray/Desktop/HLD-MediaApp
-logFile
Logs/AssetImportWorker0.log
-srvPort
57402
Successfully changed project path to: /Users/keenangray/Desktop/HLD-MediaApp
/Users/keenangray/Desktop/HLD-MediaApp
[UnityMemory] Configuration Parameters - Can be set up in boot.config
    "memorysetup-bucket-allocator-granularity=16"
    "memorysetup-bucket-allocator-bucket-count=8"
    "memorysetup-bucket-allocator-block-size=33554432"
    "memorysetup-bucket-allocator-block-count=8"
    "memorysetup-main-allocator-block-size=16777216"
    "memorysetup-thread-allocator-block-size=16777216"
    "memorysetup-gfx-main-allocator-block-size=16777216"
    "memorysetup-gfx-thread-allocator-block-size=16777216"
    "memorysetup-cache-allocator-block-size=4194304"
    "memorysetup-typetree-allocator-block-size=2097152"
    "memorysetup-profiler-bucket-allocator-granularity=16"
    "memorysetup-profiler-bucket-allocator-bucket-count=8"
    "memorysetup-profiler-bucket-allocator-block-size=33554432"
    "memorysetup-profiler-bucket-allocator-block-count=8"
    "memorysetup-profiler-allocator-block-size=16777216"
    "memorysetup-profiler-editor-allocator-block-size=1048576"
    "memorysetup-temp-allocator-size-main=16777216"
    "memorysetup-job-temp-allocator-block-size=2097152"
    "memorysetup-job-temp-allocator-block-size-background=1048576"
    "memorysetup-job-temp-allocator-reduction-small-platforms=262144"
    "memorysetup-temp-allocator-size-background-worker=32768"
    "memorysetup-temp-allocator-size-job-worker=262144"
    "memorysetup-temp-allocator-size-preload-manager=33554432"
    "memorysetup-temp-allocator-size-nav-mesh-worker=65536"
    "memorysetup-temp-allocator-size-audio-worker=65536"
    "memorysetup-temp-allocator-size-cloud-worker=32768"
    "memorysetup-temp-allocator-size-gi-baking-worker=262144"
    "memorysetup-temp-allocator-size-gfx=262144"
Refreshing native plugins compatible for Editor in 688.09 ms, found 2 plugins.
Preloading 0 native plugins for Editor in 0.00 ms.
Initialize engine version: 2021.3.13f1 (9e7d58001ecf)
[Subsystems] Discovering subsystems at path /Applications/UnityInstalls/2021.3.13f1/Unity.app/Contents/Resources/UnitySubsystems
[Subsystems] Discovering subsystems at path /Users/keenangray/Desktop/HLD-MediaApp/Assets
GfxDevice: creating device client; threaded=0; jobified=0
Color LCD preferred device: Intel(R) Iris(TM) Plus Graphics 650 (low power)
Metal devices available: 1
0: Intel(R) Iris(TM) Plus Graphics 650 (low power)
Using device Intel(R) Iris(TM) Plus Graphics 650 (low power)
Initializing Metal device caps: Intel(R) Iris(TM) Plus Graphics 650
Initialize mono
Mono path[0] = '/Applications/UnityInstalls/2021.3.13f1/Unity.app/Contents/Managed'
Mono path[1] = '/Applications/UnityInstalls/2021.3.13f1/Unity.app/Contents/MonoBleedingEdge/lib/mono/unityjit-macos'
Mono config path = '/Applications/UnityInstalls/2021.3.13f1/Unity.app/Contents/MonoBleedingEdge/etc'
Using monoOptions --debugger-agent=transport=dt_socket,embedding=1,server=y,suspend=n,address=127.0.0.1:56351
Begin MonoManager ReloadAssembly
Registering precompiled unity dll's ...
Register platform support module: /Applications/UnityInstalls/2021.3.13f1/Unity.app/Contents/PlaybackEngines/MacStandaloneSupport/UnityEditor.OSXStandalone.Extensions.dll
Register platform support module: /Applications/UnityInstalls/2021.3.13f1/PlaybackEngines/AndroidPlayer/UnityEditor.Android.Extensions.dll
Register platform support module: /Applications/UnityInstalls/2021.3.13f1/PlaybackEngines/iOSSupport/UnityEditor.iOS.Extensions.dll
Registered in 0.015529 seconds.
[usbmuxd] Start listen thread
[usbmuxd] Listen thread started
[usbmuxd] Send listen message
Native extension for iOS target not found
2022-11-17 18:10:51.499 Unity[8351:193938] [XcodeApplications] Failed to read NSDictionary from path /Users/keenangray/Downloads/Xcode-beta.app/Contents/Info.plist
Native extension for Android target not found
Native extension for OSXStandalone target not found
Refreshing native plugins compatible for Editor in 360.26 ms, found 2 plugins.
Preloading 0 native plugins for Editor in 0.00 ms.
Mono: successfully reloaded assembly
- Completed reload, in  4.867 seconds
Domain Reload Profiling:
	ReloadAssembly (4869ms)
		BeginReloadAssembly (578ms)
			ExecutionOrderSort (0ms)
			DisableScriptedObjects (0ms)
			BackupInstance (0ms)
			ReleaseScriptingObjects (0ms)
			CreateAndSetChildDomain (3ms)
		EndReloadAssembly (3059ms)
			LoadAssemblies (579ms)
			RebuildTransferFunctionScriptingTraits (6ms)
			SetupTypeCache (880ms)
			ReleaseScriptCaches (1ms)
			RebuildScriptCaches (199ms)
			SetupLoadedEditorAssemblies (1708ms)
				LogAssemblyErrors (0ms)
				InitializePlatformSupportModulesInManaged (503ms)
				SetLoadedEditorAssemblies (3ms)
				RefreshPlugins (360ms)
				BeforeProcessingInitializeOnLoad (73ms)
				ProcessInitializeOnLoadAttributes (534ms)
				ProcessInitializeOnLoadMethodAttributes (234ms)
				AfterProcessingInitializeOnLoad (0ms)
				EditorAssembliesLoaded (0ms)
			ExecutionOrderSort2 (0ms)
			AwakeInstancesAfterBackupRestoration (0ms)
Platform modules already initialized, skipping
Registering precompiled user dll's ...
Registered in 0.021791 seconds.
Android Extension - Scanning For ADB Devices 4564 ms
Begin MonoManager ReloadAssembly
Native extension for iOS target not found
2022-11-17 18:11:08.116 Unity[8351:193938] [XcodeApplications] Failed to read NSDictionary from path /Users/keenangray/Downloads/Xcode-beta.app/Contents/Info.plist
Native extension for Android target not found
Native extension for OSXStandalone target not found
Refreshing native plugins compatible for Editor in 558.78 ms, found 2 plugins.
Preloading 0 native plugins for Editor in 0.00 ms.
Package Manager log level set to [2]
Mono: successfully reloaded assembly
- Completed reload, in 11.395 seconds
Domain Reload Profiling:
	ReloadAssembly (11398ms)
		BeginReloadAssembly (835ms)
			ExecutionOrderSort (0ms)
			DisableScriptedObjects (65ms)
			BackupInstance (0ms)
			ReleaseScriptingObjects (0ms)
			CreateAndSetChildDomain (71ms)
		EndReloadAssembly (9348ms)
			LoadAssemblies (843ms)
			RebuildTransferFunctionScriptingTraits (1ms)
			SetupTypeCache (3343ms)
			ReleaseScriptCaches (4ms)
			RebuildScriptCaches (807ms)
			SetupLoadedEditorAssemblies (3788ms)
				LogAssemblyErrors (0ms)
				InitializePlatformSupportModulesInManaged (144ms)
				SetLoadedEditorAssemblies (1ms)
				RefreshPlugins (559ms)
				BeforeProcessingInitializeOnLoad (592ms)
				ProcessInitializeOnLoadAttributes (1462ms)
				ProcessInitializeOnLoadMethodAttributes (1024ms)
				AfterProcessingInitializeOnLoad (6ms)
				EditorAssembliesLoaded (0ms)
			ExecutionOrderSort2 (0ms)
			AwakeInstancesAfterBackupRestoration (65ms)
Platform modules already initialized, skipping
========================================================================
Worker process is ready to serve import requests
Launching external process: /Applications/UnityInstalls/2021.3.13f1/Unity.app/Contents/Tools/UnityShaderCompiler
Launched and connected shader compiler UnityShaderCompiler after 0.53 seconds
Refreshing native plugins compatible for Editor in 4.62 ms, found 2 plugins.
Preloading 0 native plugins for Editor in 0.00 ms.
Unloading 3586 Unused Serialized files (Serialized files now loaded: 0)
Unloading 87 unused Assets / (328.2 KB). Loaded Objects now: 3999.
Memory consumption went from 148.7 MB to 148.4 MB.
Total: 18.606778 ms (FindLiveObjects: 0.475911 ms CreateObjectMapping: 0.384328 ms MarkObjects: 17.262375 ms  DeleteObjects: 0.481695 ms)

AssetImportParameters requested are different than current active one (requested -> active):
  custom:video-decoder-ogg-theora: a1e56fd34408186e4bbccfd4996cb3dc -> 
  custom:container-muxer-webm: aa71ff27fc2769a1b78a27578f13a17b -> 
  custom:container-demuxer-webm: 4f35f7cbe854078d1ac9338744f61a02 -> 
  custom:video-encoder-webm-vp8: eb34c28f22e8b96e1ab97ce403110664 -> 
  custom:framework-osx-AVFoundation: e770b220cccbd017edd2c1fefb359320 -> 
  custom:audio-encoder-webm-vorbis: bf7c407c2cedff20999df2af8eb42d56 -> 
  custom:container-demuxer-ogg: 62fdf1f143b41e24485cea50d1cbac27 -> 
  custom:video-decoder-webm-vp8: 9c59270c3fd7afecdb556c50c9e8de78 -> 
  custom:audio-decoder-ogg-vorbis: bf7c407c2cedff20999df2af8eb42d56 -> 
========================================================================
Received Import Request.
  Time since last request: 15684.437727 seconds.
  path: Assets/hld/urls/DisplayedADStream.txt
  artifactKey: Guid(cbd31a078a4af4d4cbf0ba875e3d606c) Importer(815301076,1909f56bfc062723c751e8b465ee728b)
Start importing Assets/hld/urls/DisplayedADStream.txt using Guid(cbd31a078a4af4d4cbf0ba875e3d606c) Importer(815301076,1909f56bfc062723c751e8b465ee728b)  -> (artifact id: 'b74f8bd7c0d70c71935b941bc82eca1b') in 17.897414 seconds 
========================================================================
Received Import Request.
  Time since last request: 0.001422 seconds.
  path: Assets/hld/urls/DisplayedProgramLink.txt
  artifactKey: Guid(4977a0aecbb904d789c1039ca68a2ff2) Importer(815301076,1909f56bfc062723c751e8b465ee728b)
Start importing Assets/hld/urls/DisplayedProgramLink.txt using Guid(4977a0aecbb904d789c1039ca68a2ff2) Importer(815301076,1909f56bfc062723c751e8b465ee728b)  -> (artifact id: '00000000000000000000000000000000') in 0.002706 seconds  code(4) message(Build asset version error: assets/hld/urls/displayedprogramlink.txt in SourceAssetDB has modification time of '2022-11-17T22:53:50Z' while content on disk has modification time of '2022-11-17T23:11:28Z')
  ERROR: Build asset version error: assets/hld/urls/displayedprogramlink.txt in SourceAssetDB has modification time of '2022-11-17T22:53:50Z' while content on disk has modification time of '2022-11-17T23:11:28Z'
========================================================================
Received Prepare
Refreshing native plugins compatible for Editor in 147.99 ms, found 2 plugins.
Preloading 0 native plugins for Editor in 0.00 ms.
Unloading 76 Unused Serialized files (Serialized files now loaded: 0)
Unloading 76 unused Assets / (22.9 KB). Loaded Objects now: 4000.
Memory consumption went from 114.3 MB to 114.3 MB.
Total: 83.480940 ms (FindLiveObjects: 4.641497 ms CreateObjectMapping: 0.727036 ms MarkObjects: 78.041752 ms  DeleteObjects: 0.068668 ms)

AssetImportParameters requested are different than current active one (requested -> active):
  custom:video-decoder-ogg-theora: a1e56fd34408186e4bbccfd4996cb3dc -> 
  custom:container-muxer-webm: aa71ff27fc2769a1b78a27578f13a17b -> 
  custom:container-demuxer-webm: 4f35f7cbe854078d1ac9338744f61a02 -> 
  custom:video-encoder-webm-vp8: eb34c28f22e8b96e1ab97ce403110664 -> 
  custom:framework-osx-AVFoundation: e770b220cccbd017edd2c1fefb359320 -> 
  custom:audio-encoder-webm-vorbis: bf7c407c2cedff20999df2af8eb42d56 -> 
  custom:container-demuxer-ogg: 62fdf1f143b41e24485cea50d1cbac27 -> 
  custom:video-decoder-webm-vp8: 9c59270c3fd7afecdb556c50c9e8de78 -> 
  custom:audio-decoder-ogg-vorbis: bf7c407c2cedff20999df2af8eb42d56 -> 
========================================================================
Received Prepare
Refreshing native plugins compatible for Editor in 75.31 ms, found 2 plugins.
Preloading 0 native plugins for Editor in 0.00 ms.
Unloading 76 Unused Serialized files (Serialized files now loaded: 0)
Unloading 76 unused Assets / (23.8 KB). Loaded Objects now: 4000.
Memory consumption went from 114.0 MB to 113.9 MB.
Total: 75.142481 ms (FindLiveObjects: 0.465931 ms CreateObjectMapping: 0.411342 ms MarkObjects: 73.804594 ms  DeleteObjects: 0.458264 ms)

AssetImportParameters requested are different than current active one (requested -> active):
  custom:video-decoder-ogg-theora: a1e56fd34408186e4bbccfd4996cb3dc -> 
  custom:container-muxer-webm: aa71ff27fc2769a1b78a27578f13a17b -> 
  custom:container-demuxer-webm: 4f35f7cbe854078d1ac9338744f61a02 -> 
  custom:video-encoder-webm-vp8: eb34c28f22e8b96e1ab97ce403110664 -> 
  custom:framework-osx-AVFoundation: e770b220cccbd017edd2c1fefb359320 -> 
  custom:audio-encoder-webm-vorbis: bf7c407c2cedff20999df2af8eb42d56 -> 
  custom:container-demuxer-ogg: 62fdf1f143b41e24485cea50d1cbac27 -> 
  custom:video-decoder-webm-vp8: 9c59270c3fd7afecdb556c50c9e8de78 -> 
  custom:audio-decoder-ogg-vorbis: bf7c407c2cedff20999df2af8eb42d56 -> 
========================================================================
Received Prepare
Refreshing native plugins compatible for Editor in 128.71 ms, found 2 plugins.
Preloading 0 native plugins for Editor in 0.00 ms.
Unloading 76 Unused Serialized files (Serialized files now loaded: 0)
Unloading 76 unused Assets / (23.9 KB). Loaded Objects now: 4000.
Memory consumption went from 113.6 MB to 113.6 MB.
Total: 54.152726 ms (FindLiveObjects: 0.451351 ms CreateObjectMapping: 0.347514 ms MarkObjects: 53.124077 ms  DeleteObjects: 0.227760 ms)

AssetImportParameters requested are different than current active one (requested -> active):
  custom:video-decoder-ogg-theora: a1e56fd34408186e4bbccfd4996cb3dc -> 
  custom:container-muxer-webm: aa71ff27fc2769a1b78a27578f13a17b -> 
  custom:container-demuxer-webm: 4f35f7cbe854078d1ac9338744f61a02 -> 
  custom:video-encoder-webm-vp8: eb34c28f22e8b96e1ab97ce403110664 -> 
  custom:framework-osx-AVFoundation: e770b220cccbd017edd2c1fefb359320 -> 
  custom:audio-encoder-webm-vorbis: bf7c407c2cedff20999df2af8eb42d56 -> 
  custom:container-demuxer-ogg: 62fdf1f143b41e24485cea50d1cbac27 -> 
  custom:video-decoder-webm-vp8: 9c59270c3fd7afecdb556c50c9e8de78 -> 
  custom:audio-decoder-ogg-vorbis: bf7c407c2cedff20999df2af8eb42d56 -> 
========================================================================
Received Prepare
Refreshing native plugins compatible for Editor in 217.41 ms, found 2 plugins.
Preloading 0 native plugins for Editor in 0.00 ms.
Unloading 76 Unused Serialized files (Serialized files now loaded: 0)
Unloading 76 unused Assets / (307.6 KB). Loaded Objects now: 4000.
Memory consumption went from 114.0 MB to 113.7 MB.
Total: 795.455268 ms (FindLiveObjects: 11.362337 ms CreateObjectMapping: 0.680024 ms MarkObjects: 783.171170 ms  DeleteObjects: 0.239888 ms)

AssetImportParameters requested are different than current active one (requested -> active):
  custom:video-decoder-ogg-theora: a1e56fd34408186e4bbccfd4996cb3dc -> 
  custom:container-muxer-webm: aa71ff27fc2769a1b78a27578f13a17b -> 
  custom:container-demuxer-webm: 4f35f7cbe854078d1ac9338744f61a02 -> 
  custom:video-encoder-webm-vp8: eb34c28f22e8b96e1ab97ce403110664 -> 
  custom:framework-osx-AVFoundation: e770b220cccbd017edd2c1fefb359320 -> 
  custom:audio-encoder-webm-vorbis: bf7c407c2cedff20999df2af8eb42d56 -> 
  custom:container-demuxer-ogg: 62fdf1f143b41e24485cea50d1cbac27 -> 
  custom:video-decoder-webm-vp8: 9c59270c3fd7afecdb556c50c9e8de78 -> 
  custom:audio-decoder-ogg-vorbis: bf7c407c2cedff20999df2af8eb42d56 -> 
========================================================================
Received Prepare
Refreshing native plugins compatible for Editor in 184.76 ms, found 2 plugins.
Preloading 0 native plugins for Editor in 0.00 ms.
Unloading 76 Unused Serialized files (Serialized files now loaded: 0)
Unloading 76 unused Assets / (307.5 KB). Loaded Objects now: 4000.
Memory consumption went from 113.2 MB to 112.9 MB.
Total: 22.929323 ms (FindLiveObjects: 2.070197 ms CreateObjectMapping: 0.471511 ms MarkObjects: 20.185974 ms  DeleteObjects: 0.199698 ms)

AssetImportParameters requested are different than current active one (requested -> active):
  custom:video-decoder-ogg-theora: a1e56fd34408186e4bbccfd4996cb3dc -> 
  custom:container-muxer-webm: aa71ff27fc2769a1b78a27578f13a17b -> 
  custom:container-demuxer-webm: 4f35f7cbe854078d1ac9338744f61a02 -> 
  custom:video-encoder-webm-vp8: eb34c28f22e8b96e1ab97ce403110664 -> 
  custom:framework-osx-AVFoundation: e770b220cccbd017edd2c1fefb359320 -> 
  custom:audio-encoder-webm-vorbis: bf7c407c2cedff20999df2af8eb42d56 -> 
  custom:container-demuxer-ogg: 62fdf1f143b41e24485cea50d1cbac27 -> 
  custom:video-decoder-webm-vp8: 9c59270c3fd7afecdb556c50c9e8de78 -> 
  custom:audio-decoder-ogg-vorbis: bf7c407c2cedff20999df2af8eb42d56 -> 
========================================================================
Received Prepare
Refreshing native plugins compatible for Editor in 83.30 ms, found 2 plugins.
Preloading 0 native plugins for Editor in 0.00 ms.
Unloading 76 Unused Serialized files (Serialized files now loaded: 0)
Unloading 76 unused Assets / (308.7 KB). Loaded Objects now: 4000.
Memory consumption went from 112.5 MB to 112.2 MB.
Total: 34.509250 ms (FindLiveObjects: 0.455048 ms CreateObjectMapping: 0.428094 ms MarkObjects: 33.185759 ms  DeleteObjects: 0.437661 ms)

AssetImportParameters requested are different than current active one (requested -> active):
  custom:video-decoder-ogg-theora: a1e56fd34408186e4bbccfd4996cb3dc -> 
  custom:container-muxer-webm: aa71ff27fc2769a1b78a27578f13a17b -> 
  custom:container-demuxer-webm: 4f35f7cbe854078d1ac9338744f61a02 -> 
  custom:video-encoder-webm-vp8: eb34c28f22e8b96e1ab97ce403110664 -> 
  custom:framework-osx-AVFoundation: e770b220cccbd017edd2c1fefb359320 -> 
  custom:audio-encoder-webm-vorbis: bf7c407c2cedff20999df2af8eb42d56 -> 
  custom:container-demuxer-ogg: 62fdf1f143b41e24485cea50d1cbac27 -> 
  custom:video-decoder-webm-vp8: 9c59270c3fd7afecdb556c50c9e8de78 -> 
  custom:audio-decoder-ogg-vorbis: bf7c407c2cedff20999df2af8eb42d56 -> 
========================================================================
Received Prepare
Refreshing native plugins compatible for Editor in 202.13 ms, found 2 plugins.
Preloading 0 native plugins for Editor in 0.00 ms.
Unloading 76 Unused Serialized files (Serialized files now loaded: 0)
Unloading 76 unused Assets / (308.7 KB). Loaded Objects now: 4000.
Memory consumption went from 111.7 MB to 111.4 MB.
Total: 70.434380 ms (FindLiveObjects: 0.451827 ms CreateObjectMapping: 0.359764 ms MarkObjects: 68.658654 ms  DeleteObjects: 0.961798 ms)

AssetImportParameters requested are different than current active one (requested -> active):
  custom:video-decoder-ogg-theora: a1e56fd34408186e4bbccfd4996cb3dc -> 
  custom:container-muxer-webm: aa71ff27fc2769a1b78a27578f13a17b -> 
  custom:container-demuxer-webm: 4f35f7cbe854078d1ac9338744f61a02 -> 
  custom:video-encoder-webm-vp8: eb34c28f22e8b96e1ab97ce403110664 -> 
  custom:framework-osx-AVFoundation: e770b220cccbd017edd2c1fefb359320 -> 
  custom:audio-encoder-webm-vorbis: bf7c407c2cedff20999df2af8eb42d56 -> 
  custom:container-demuxer-ogg: 62fdf1f143b41e24485cea50d1cbac27 -> 
  custom:video-decoder-webm-vp8: 9c59270c3fd7afecdb556c50c9e8de78 -> 
  custom:audio-decoder-ogg-vorbis: bf7c407c2cedff20999df2af8eb42d56 -> 
========================================================================
Received Import Request.
  Time since last request: 236.271458 seconds.
  path: Assets/hld/bios/Amy_Meisner.jpg
  artifactKey: Guid(0d15825156de04841ba8b11ec4db5aa7) Importer(815301076,1909f56bfc062723c751e8b465ee728b)
Start importing Assets/hld/bios/Amy_Meisner.jpg using Guid(0d15825156de04841ba8b11ec4db5aa7) Importer(815301076,1909f56bfc062723c751e8b465ee728b)  -> (artifact id: '698e2f436a23538109f0e1c368e43455') in 1.345826 seconds 
========================================================================
Received Import Request.
  Time since last request: 0.000093 seconds.
  path: Assets/hld/bios/Jerron_Herman.jpg
  artifactKey: Guid(83b09c8c9a4254aaa8db41b0c14f52c9) Importer(815301076,1909f56bfc062723c751e8b465ee728b)
Start importing Assets/hld/bios/Jerron_Herman.jpg using Guid(83b09c8c9a4254aaa8db41b0c14f52c9) Importer(815301076,1909f56bfc062723c751e8b465ee728b)  -> (artifact id: '7164dfdc3c4a776c7cfde8d87a592eaf') in 0.067934 seconds 
========================================================================
Received Import Request.
  Time since last request: 0.013609 seconds.
  path: Assets/hld/bios/Meredith_Fages.jpg
  artifactKey: Guid(7d76df90e5d914792ac86f8f30413f30) Importer(815301076,1909f56bfc062723c751e8b465ee728b)
Start importing Assets/hld/bios/Meredith_Fages.jpg using Guid(7d76df90e5d914792ac86f8f30413f30) Importer(815301076,1909f56bfc062723c751e8b465ee728b)  -> (artifact id: 'f8b8bc2feb99972d7ad24815a7a55f25') in 0.074226 seconds 
========================================================================
Received Import Request.
  Time since last request: 0.000418 seconds.
  path: Assets/Fonts/Whitney-Semibold.ttf
  artifactKey: Guid(b7d8bbeca79d248c6aee6441f0e0d6ce) Importer(815301076,1909f56bfc062723c751e8b465ee728b)
Start importing Assets/Fonts/Whitney-Semibold.ttf using Guid(b7d8bbeca79d248c6aee6441f0e0d6ce) Importer(815301076,1909f56bfc062723c751e8b465ee728b)  -> (artifact id: '250ad073e4e18e34b048eecdd10a2f23') in 2.514725 seconds 
========================================================================
Received Import Request.
  Time since last request: 0.000116 seconds.
  path: Packages/com.unity.render-pipelines.core/Runtime/Debugging/Prefabs/Widgets/DebugUIEnumHistory.prefab
  artifactKey: Guid(b2da6b27df236b144b3516ed8e7d36ac) Importer(815301076,1909f56bfc062723c751e8b465ee728b)
Start importing Packages/com.unity.render-pipelines.core/Runtime/Debugging/Prefabs/Widgets/DebugUIEnumHistory.prefab using Guid(b2da6b27df236b144b3516ed8e7d36ac) Importer(815301076,1909f56bfc062723c751e8b465ee728b)  -> (artifact id: '8eca839d420908dc928e930d653acc44') in 1.558962 seconds 
========================================================================
Received Import Request.
  Time since last request: 0.000094 seconds.
  path: Packages/com.unity.render-pipelines.core/Runtime/Debugging/Prefabs/Widgets/DebugUIGroup.prefab
  artifactKey: Guid(38a07789c9e87004dad98c2909f58369) Importer(815301076,1909f56bfc062723c751e8b465ee728b)
Start importing Packages/com.unity.render-pipelines.core/Runtime/Debugging/Prefabs/Widgets/DebugUIGroup.prefab using Guid(38a07789c9e87004dad98c2909f58369) Importer(815301076,1909f56bfc062723c751e8b465ee728b)  -> (artifact id: 'c7841c72c74219f0788886aba2ab96ec') in 0.012984 seconds 
========================================================================
Received Import Request.
  Time since last request: 0.000096 seconds.
  path: Assets/Prefabs/App_SubMenu.prefab
  artifactKey: Guid(054d8ddb5e77c433780322263daea012) Importer(815301076,1909f56bfc062723c751e8b465ee728b)
Start importing Assets/Prefabs/App_SubMenu.prefab using Guid(054d8ddb5e77c433780322263daea012) Importer(815301076,1909f56bfc062723c751e8b465ee728b)  -> (artifact id: '87348cf961dea7feb58718137840afac') in 0.117335 seconds 
========================================================================
Received Import Request.
  Time since last request: 0.000098 seconds.
  path: Packages/com.unity.render-pipelines.core/Runtime/Debugging/Prefabs/Widgets/DebugUIMessageBox.prefab
  artifactKey: Guid(10a25524b0986f9488b430e2829bbbe8) Importer(815301076,1909f56bfc062723c751e8b465ee728b)
Start importing Packages/com.unity.render-pipelines.core/Runtime/Debugging/Prefabs/Widgets/DebugUIMessageBox.prefab using Guid(10a25524b0986f9488b430e2829bbbe8) Importer(815301076,1909f56bfc062723c751e8b465ee728b)  -> (artifact id: '42b3fd7f8fb0924731cb68ad60fa0127') in 0.007553 seconds 
========================================================================
Received Import Request.
  Time since last request: 0.001676 seconds.
  path: Assets/Prefabs/AudioTools.prefab
  artifactKey: Guid(01144d2e230354c9a8d7e82685351cff) Importer(815301076,1909f56bfc062723c751e8b465ee728b)
Start importing Assets/Prefabs/AudioTools.prefab using Guid(01144d2e230354c9a8d7e82685351cff) Importer(815301076,1909f56bfc062723c751e8b465ee728b)  -> (artifact id: 'c4d579a5763e6dad922374983431e992') in 0.094474 seconds 
========================================================================
Received Import Request.
  Time since last request: 0.003348 seconds.
  path: Packages/com.unity.render-pipelines.core/Runtime/Debugging/Prefabs/Widgets/DebugUIRow.prefab
  artifactKey: Guid(2d019437ff89b8d44949727731cd9357) Importer(815301076,1909f56bfc062723c751e8b465ee728b)
Start importing Packages/com.unity.render-pipelines.core/Runtime/Debugging/Prefabs/Widgets/DebugUIRow.prefab using Guid(2d019437ff89b8d44949727731cd9357) Importer(815301076,1909f56bfc062723c751e8b465ee728b)  -> (artifact id: '7ed51686c885dcdad090b242a2c026e4') in 0.017035 seconds 
========================================================================
Received Import Request.
  Time since last request: 0.000346 seconds.
  path: Packages/com.unity.render-pipelines.core/Runtime/Debugging/Prefabs/Widgets/DebugUIToggleHistory.prefab
  artifactKey: Guid(5088d0220f0c4df439cf06c5c270eacb) Importer(815301076,1909f56bfc062723c751e8b465ee728b)
Start importing Packages/com.unity.render-pipelines.core/Runtime/Debugging/Prefabs/Widgets/DebugUIToggleHistory.prefab using Guid(5088d0220f0c4df439cf06c5c270eacb) Importer(815301076,1909f56bfc062723c751e8b465ee728b)  -> (artifact id: '81960c96d93a72197cc8b3be12db3a12') in 0.012897 seconds 
========================================================================
Received Import Request.
  Time since last request: 0.000088 seconds.
  path: Packages/com.unity.render-pipelines.core/Runtime/Debugging/Prefabs/Widgets/DebugUIFoldout.prefab
  artifactKey: Guid(1c87ab2ce8b8b304d98fbe9a734b1f74) Importer(815301076,1909f56bfc062723c751e8b465ee728b)
Start importing Packages/com.unity.render-pipelines.core/Runtime/Debugging/Prefabs/Widgets/DebugUIFoldout.prefab using Guid(1c87ab2ce8b8b304d98fbe9a734b1f74) Importer(815301076,1909f56bfc062723c751e8b465ee728b)  -> (artifact id: '036ddc6448157888e86324474f9d4922') in 0.007560 seconds 
========================================================================
Received Import Request.
  Time since last request: 0.000089 seconds.
  path: Assets/Prefabs/App_SubMenuButton.prefab
  artifactKey: Guid(c07ae07fd46bc41dfbf2ab3d15de5975) Importer(815301076,1909f56bfc062723c751e8b465ee728b)
Start importing Assets/Prefabs/App_SubMenuButton.prefab using Guid(c07ae07fd46bc41dfbf2ab3d15de5975) Importer(815301076,1909f56bfc062723c751e8b465ee728b)  -> (artifact id: '26a0895f4721b6ab2526d8e80c2e0f60') in 0.033076 seconds 
========================================================================
Received Import Request.
  Time since last request: 0.000083 seconds.
  path: Packages/com.unity.render-pipelines.core/Runtime/Debugging/Prefabs/Widgets/DebugUIPanel.prefab
  artifactKey: Guid(daa46a58178a6ad41ae1ddc2dc7f856d) Importer(815301076,1909f56bfc062723c751e8b465ee728b)
Start importing Packages/com.unity.render-pipelines.core/Runtime/Debugging/Prefabs/Widgets/DebugUIPanel.prefab using Guid(daa46a58178a6ad41ae1ddc2dc7f856d) Importer(815301076,1909f56bfc062723c751e8b465ee728b)  -> (artifact id: '2efd820d3e366af567f2fc6023fe977a') in 0.013777 seconds 
========================================================================
Received Import Request.
  Time since last request: 0.000546 seconds.
  path: Packages/com.unity.render-pipelines.core/Runtime/Debugging/Prefabs/Widgets/DebugUIFloatField.prefab
  artifactKey: Guid(d8c744701b43c864b88e7f8144e19bc5) Importer(815301076,1909f56bfc062723c751e8b465ee728b)
Start importing Packages/com.unity.render-pipelines.core/Runtime/Debugging/Prefabs/Widgets/DebugUIFloatField.prefab using Guid(d8c744701b43c864b88e7f8144e19bc5) Importer(815301076,1909f56bfc062723c751e8b465ee728b)  -> (artifact id: 'f4986c0265c3ceb7ca1f8e8b5febe6c6') in 0.006779 seconds 
========================================================================
Received Import Request.
  Time since last request: 0.000081 seconds.
  path: Assets/hld/bios/Tianshi_Suo.jpg
  artifactKey: Guid(30da9cb629c8c4731b0639f23a5d59f6) Importer(815301076,1909f56bfc062723c751e8b465ee728b)
Start importing Assets/hld/bios/Tianshi_Suo.jpg using Guid(30da9cb629c8c4731b0639f23a5d59f6) Importer(815301076,1909f56bfc062723c751e8b465ee728b)  -> (artifact id: '2d953a503e23b3d3020676906edb624b') in 0.048419 seconds 
========================================================================
Received Import Request.
  Time since last request: 0.001407 seconds.
  path: Packages/com.unity.render-pipelines.core/Runtime/Debugging/Prefabs/Widgets/DebugUIUIntField.prefab
  artifactKey: Guid(f22bcc84a5f4a1944b075a2c4ac71493) Importer(815301076,1909f56bfc062723c751e8b465ee728b)
Start importing Packages/com.unity.render-pipelines.core/Runtime/Debugging/Prefabs/Widgets/DebugUIUIntField.prefab using Guid(f22bcc84a5f4a1944b075a2c4ac71493) Importer(815301076,1909f56bfc062723c751e8b465ee728b)  -> (artifact id: '54ff7bd4fcb59fac35660838445ac719') in 0.007197 seconds 
========================================================================
Received Import Request.
  Time since last request: 0.000363 seconds.
  path: Assets/hld/bios/Donald_Lee.jpg
  artifactKey: Guid(262fff8c29b2a4a4fb1ad86f2ce7247d) Importer(815301076,1909f56bfc062723c751e8b465ee728b)
Start importing Assets/hld/bios/Donald_Lee.jpg using Guid(262fff8c29b2a4a4fb1ad86f2ce7247d) Importer(815301076,1909f56bfc062723c751e8b465ee728b)  -> (artifact id: 'cb328e7d5f71c0d811f135260179ce30') in 0.090077 seconds 
========================================================================
Received Import Request.
  Time since last request: 0.000118 seconds.
  path: Assets/hld/bios/Louisa_Mann.jpg
  artifactKey: Guid(0038a603f56c042099ba5213d6ce1521) Importer(815301076,1909f56bfc062723c751e8b465ee728b)
Start importing Assets/hld/bios/Louisa_Mann.jpg using Guid(0038a603f56c042099ba5213d6ce1521) Importer(815301076,1909f56bfc062723c751e8b465ee728b)  -> (artifact id: '9b41a35e19991f62a3498c5d4386776c') in 0.056490 seconds 
========================================================================
Received Import Request.
  Time since last request: 0.004805 seconds.
  path: Packages/com.unity.render-pipelines.core/Runtime/Debugging/Prefabs/Widgets/DebugUIButton.prefab
  artifactKey: Guid(f6ce33b91f6ffe54cadacbf4bb112440) Importer(815301076,1909f56bfc062723c751e8b465ee728b)
Start importing Packages/com.unity.render-pipelines.core/Runtime/Debugging/Prefabs/Widgets/DebugUIButton.prefab using Guid(f6ce33b91f6ffe54cadacbf4bb112440) Importer(815301076,1909f56bfc062723c751e8b465ee728b)  -> (artifact id: '0b7a960b3dcf11513db02c3e1d2e2c76') in 0.006582 seconds 
========================================================================
Received Import Request.
  Time since last request: 0.000131 seconds.
  path: Packages/com.unity.render-pipelines.core/Runtime/Debugging/Prefabs/Widgets/DebugUIEnumField.prefab
  artifactKey: Guid(988db55689193434fb0b3b89538f978f) Importer(815301076,1909f56bfc062723c751e8b465ee728b)
Start importing Packages/com.unity.render-pipelines.core/Runtime/Debugging/Prefabs/Widgets/DebugUIEnumField.prefab using Guid(988db55689193434fb0b3b89538f978f) Importer(815301076,1909f56bfc062723c751e8b465ee728b)  -> (artifact id: 'e1e6f663629b45d84e53c5147ce26502') in 0.009521 seconds 
========================================================================
Received Import Request.
  Time since last request: 0.000408 seconds.
  path: Assets/hld/bios/Desmond_Cadogan.jpg
  artifactKey: Guid(abb39c19e477a494680204d1b797f1cc) Importer(815301076,1909f56bfc062723c751e8b465ee728b)
Start importing Assets/hld/bios/Desmond_Cadogan.jpg using Guid(abb39c19e477a494680204d1b797f1cc) Importer(815301076,1909f56bfc062723c751e8b465ee728b)  -> (artifact id: '4ec31bee88da82c23539182f9d553305') in 0.046723 seconds 
========================================================================
Received Import Request.
  Time since last request: 0.009675 seconds.
  path: Packages/com.unity.render-pipelines.core/Runtime/Debugging/Prefabs/Widgets/DebugUIBitField.prefab
  artifactKey: Guid(7c78b588b2e1f7c4a86ca4a985cf6e4a) Importer(815301076,1909f56bfc062723c751e8b465ee728b)
Start importing Packages/com.unity.render-pipelines.core/Runtime/Debugging/Prefabs/Widgets/DebugUIBitField.prefab using Guid(7c78b588b2e1f7c4a86ca4a985cf6e4a) Importer(815301076,1909f56bfc062723c751e8b465ee728b)  -> (artifact id: 'e76c1a4c35ed1e4db25cc8986a215e56') in 0.024585 seconds 
========================================================================
Received Import Request.
  Time since last request: 0.003052 seconds.
  path: Packages/com.unity.render-pipelines.core/Runtime/Debugging/Prefabs/Widgets/DebugUIVector2.prefab
  artifactKey: Guid(326f7c58aed965d41bf7805a782d1e44) Importer(815301076,1909f56bfc062723c751e8b465ee728b)
Start importing Packages/com.unity.render-pipelines.core/Runtime/Debugging/Prefabs/Widgets/DebugUIVector2.prefab using Guid(326f7c58aed965d41bf7805a782d1e44) Importer(815301076,1909f56bfc062723c751e8b465ee728b)  -> (artifact id: '658db1c59e85391995cc88252d31bcd4') in 0.008446 seconds 
========================================================================
Received Import Request.
  Time since last request: 0.000473 seconds.
  path: Assets/hld/bios/Victoria_Dombroski.jpeg
  artifactKey: Guid(00d5be4cf29f9474bbc6038ee6802fdd) Importer(815301076,1909f56bfc062723c751e8b465ee728b)
Start importing Assets/hld/bios/Victoria_Dombroski.jpeg using Guid(00d5be4cf29f9474bbc6038ee6802fdd) Importer(815301076,1909f56bfc062723c751e8b465ee728b)  -> (artifact id: '525672e01d6a80149f09f1956a9adb8f') in 0.298739 seconds 
========================================================================
Received Import Request.
  Time since last request: 0.000116 seconds.
  path: Assets/hld/bios/Tiffany_Geigel.jpg
  artifactKey: Guid(62dabb334942747cd90b6179dd32a215) Importer(815301076,1909f56bfc062723c751e8b465ee728b)
Start importing Assets/hld/bios/Tiffany_Geigel.jpg using Guid(62dabb334942747cd90b6179dd32a215) Importer(815301076,1909f56bfc062723c751e8b465ee728b)  -> (artifact id: 'f998f40d8252245c931dc0fe04a15f4a') in 0.054432 seconds 
========================================================================
Received Import Request.
  Time since last request: 0.016119 seconds.
  path: Packages/com.unity.render-pipelines.core/Runtime/Debugging/Prefabs/Widgets/DebugUIToggle.prefab
  artifactKey: Guid(ce347ad101f41ee4ab5c3fbc0ea447db) Importer(815301076,1909f56bfc062723c751e8b465ee728b)
Start importing Packages/com.unity.render-pipelines.core/Runtime/Debugging/Prefabs/Widgets/DebugUIToggle.prefab using Guid(ce347ad101f41ee4ab5c3fbc0ea447db) Importer(815301076,1909f56bfc062723c751e8b465ee728b)  -> (artifact id: '8ab82e7200cc58aed69acedcd871cc4f') in 0.008320 seconds 
========================================================================
Received Import Request.
  Time since last request: 0.000110 seconds.
  path: Assets/Prefabs/App_Narrative.prefab
  artifactKey: Guid(37374afce02b9434fa40320baf3c8aeb) Importer(815301076,1909f56bfc062723c751e8b465ee728b)
Start importing Assets/Prefabs/App_Narrative.prefab using Guid(37374afce02b9434fa40320baf3c8aeb) Importer(815301076,1909f56bfc062723c751e8b465ee728b)  -> (artifact id: '3b291c8465c079321bddd47478614dbd') in 0.014764 seconds 
========================================================================
Received Import Request.
  Time since last request: 0.000077 seconds.
  path: Assets/Prefabs/AudioPlayer.prefab
  artifactKey: Guid(6578b5703cdbc456eba85a90255faac0) Importer(815301076,1909f56bfc062723c751e8b465ee728b)
Start importing Assets/Prefabs/AudioPlayer.prefab using Guid(6578b5703cdbc456eba85a90255faac0) Importer(815301076,1909f56bfc062723c751e8b465ee728b)  -> (artifact id: 'b0a721ec41c9a665444a3dc130bf87f9') in 0.073104 seconds 
========================================================================
Received Import Request.
  Time since last request: 0.000117 seconds.
  path: Packages/com.unity.render-pipelines.core/Runtime/Debugging/Prefabs/Resources/DebugUIPersistentCanvas.prefab
  artifactKey: Guid(f6b1a0fe75d5009449cf55ae76220e2b) Importer(815301076,1909f56bfc062723c751e8b465ee728b)
Start importing Packages/com.unity.render-pipelines.core/Runtime/Debugging/Prefabs/Resources/DebugUIPersistentCanvas.prefab using Guid(f6b1a0fe75d5009449cf55ae76220e2b) Importer(815301076,1909f56bfc062723c751e8b465ee728b)  -> (artifact id: '660962f1684b1e74e69cd9706db8ddbd') in 0.007968 seconds 
========================================================================
Received Import Request.
  Time since last request: 0.000090 seconds.
  path: Packages/com.unity.render-pipelines.core/Runtime/Debugging/Prefabs/Widgets/DebugUIVector3.prefab
  artifactKey: Guid(94afea5f242d72547979595ba963f335) Importer(815301076,1909f56bfc062723c751e8b465ee728b)
Start importing Packages/com.unity.render-pipelines.core/Runtime/Debugging/Prefabs/Widgets/DebugUIVector3.prefab using Guid(94afea5f242d72547979595ba963f335) Importer(815301076,1909f56bfc062723c751e8b465ee728b)  -> (artifact id: '66d0dd21ffb59efedb7adaae78cc32bf') in 0.008326 seconds 
========================================================================
Received Import Request.
  Time since last request: 0.000092 seconds.
  path: Packages/com.unity.render-pipelines.core/Runtime/Debugging/Prefabs/Widgets/DebugUIHBox.prefab
  artifactKey: Guid(f7f5e36797cf0c1408561665c67b179b) Importer(815301076,1909f56bfc062723c751e8b465ee728b)
Start importing Packages/com.unity.render-pipelines.core/Runtime/Debugging/Prefabs/Widgets/DebugUIHBox.prefab using Guid(f7f5e36797cf0c1408561665c67b179b) Importer(815301076,1909f56bfc062723c751e8b465ee728b)  -> (artifact id: '99c4a9e723dac0905d6b625f76f97652') in 0.009165 seconds 
========================================================================
Received Import Request.
  Time since last request: 0.000251 seconds.
  path: Packages/com.unity.analytics/DataPrivacy/DataPrivacyButton.prefab
  artifactKey: Guid(71b11355001648444b41d17fd36c150d) Importer(815301076,1909f56bfc062723c751e8b465ee728b)
Start importing Packages/com.unity.analytics/DataPrivacy/DataPrivacyButton.prefab using Guid(71b11355001648444b41d17fd36c150d) Importer(815301076,1909f56bfc062723c751e8b465ee728b)  -> (artifact id: '35614891d540d962762159eabce7ad19') in 0.014677 seconds 
========================================================================
Received Import Request.
  Time since last request: 0.000100 seconds.
  path: Assets/Fonts/Whitney-Book.otf
  artifactKey: Guid(c39d4a7ed4ea14ca184dd5681ad246c4) Importer(815301076,1909f56bfc062723c751e8b465ee728b)
Start importing Assets/Fonts/Whitney-Book.otf using Guid(c39d4a7ed4ea14ca184dd5681ad246c4) Importer(815301076,1909f56bfc062723c751e8b465ee728b)  -> (artifact id: 'bc4e363c0ea9e741d357631f71aed11f') in 3.054075 seconds 
========================================================================
Received Import Request.
  Time since last request: 0.000768 seconds.
  path: Assets/hld/bios/Carmen_Schoenster.png
  artifactKey: Guid(7b6e919d230cf45ceb4584fc3a3c927c) Importer(815301076,1909f56bfc062723c751e8b465ee728b)
Start importing Assets/hld/bios/Carmen_Schoenster.png using Guid(7b6e919d230cf45ceb4584fc3a3c927c) Importer(815301076,1909f56bfc062723c751e8b465ee728b)  -> (artifact id: 'f53ef9ce402d4a94dce27b4bd5cfd0a9') in 1.974195 seconds 
========================================================================
Received Import Request.
  Time since last request: 0.000306 seconds.
  path: Assets/hld/bios/Jillian_Hollis.jpg
  artifactKey: Guid(3a2ac17d6d59d4c2fab9b5095d9b32d3) Importer(815301076,1909f56bfc062723c751e8b465ee728b)
Start importing Assets/hld/bios/Jillian_Hollis.jpg using Guid(3a2ac17d6d59d4c2fab9b5095d9b32d3) Importer(815301076,1909f56bfc062723c751e8b465ee728b)  -> (artifact id: 'a3311b2c6dbb8e898b0e66eff24c916e') in 0.237751 seconds 
========================================================================
Received Import Request.
  Time since last request: 0.000097 seconds.
  path: Packages/com.unity.render-pipelines.core/Runtime/Debugging/Prefabs/Widgets/DebugUIColor.prefab
  artifactKey: Guid(77c185820dd1a464eac89cae3abccddf) Importer(815301076,1909f56bfc062723c751e8b465ee728b)
Start importing Packages/com.unity.render-pipelines.core/Runtime/Debugging/Prefabs/Widgets/DebugUIColor.prefab using Guid(77c185820dd1a464eac89cae3abccddf) Importer(815301076,1909f56bfc062723c751e8b465ee728b)  -> (artifact id: 'a5fc1216292aa5109ef4a0a36d4e7313') in 0.017429 seconds 
========================================================================
Received Import Request.
  Time since last request: 0.000091 seconds.
  path: Assets/hld/bios/Sabatino_Verlezza.jpg
  artifactKey: Guid(b2251417a56194e85b9f122adab87cab) Importer(815301076,1909f56bfc062723c751e8b465ee728b)
Start importing Assets/hld/bios/Sabatino_Verlezza.jpg using Guid(b2251417a56194e85b9f122adab87cab) Importer(815301076,1909f56bfc062723c751e8b465ee728b)  -> (artifact id: '42d3afc5b54db8ea8dae98e1a6fea1a7') in 0.089660 seconds 
========================================================================
Received Import Request.
  Time since last request: 0.000108 seconds.
  path: Packages/com.unity.render-pipelines.core/Runtime/Debugging/Prefabs/Widgets/DebugUIValue.prefab
  artifactKey: Guid(dc0f88987826e6e48b1fe9c7c2b53a53) Importer(815301076,1909f56bfc062723c751e8b465ee728b)
Start importing Packages/com.unity.render-pipelines.core/Runtime/Debugging/Prefabs/Widgets/DebugUIValue.prefab using Guid(dc0f88987826e6e48b1fe9c7c2b53a53) Importer(815301076,1909f56bfc062723c751e8b465ee728b)  -> (artifact id: 'b2c441f0c8efd423ec7930b6ba412772') in 0.006693 seconds 
========================================================================
Received Import Request.
  Time since last request: 0.000091 seconds.
  path: Assets/hld/bios/Jaclyn_Rea.jpg
  artifactKey: Guid(7f8a61f0262c14196bf95d32e22533e4) Importer(815301076,1909f56bfc062723c751e8b465ee728b)
Start importing Assets/hld/bios/Jaclyn_Rea.jpg using Guid(7f8a61f0262c14196bf95d32e22533e4) Importer(815301076,1909f56bfc062723c751e8b465ee728b)  -> (artifact id: 'de0f0def65c66ba1135b96a2f79ff80e') in 0.182127 seconds 
========================================================================
Received Import Request.
  Time since last request: 0.000134 seconds.
  path: Packages/com.unity.render-pipelines.core/Runtime/Debugging/Prefabs/Widgets/DebugUIIntField.prefab
  artifactKey: Guid(ae00bb75e0cd5b04b8fe7fb4ab662629) Importer(815301076,1909f56bfc062723c751e8b465ee728b)
Start importing Packages/com.unity.render-pipelines.core/Runtime/Debugging/Prefabs/Widgets/DebugUIIntField.prefab using Guid(ae00bb75e0cd5b04b8fe7fb4ab662629) Importer(815301076,1909f56bfc062723c751e8b465ee728b)  -> (artifact id: '83958d4397a2bfb5e5c15743155e11f8') in 0.008895 seconds 
========================================================================
Received Import Request.
  Time since last request: 0.000156 seconds.
  path: Assets/hld/bios/Leslie_Taub.jpg
  artifactKey: Guid(55fec25263a4b425e9c4f8518561b394) Importer(815301076,1909f56bfc062723c751e8b465ee728b)
Start importing Assets/hld/bios/Leslie_Taub.jpg using Guid(55fec25263a4b425e9c4f8518561b394) Importer(815301076,1909f56bfc062723c751e8b465ee728b)  -> (artifact id: '86432f1a219989f2078a30e21bb53698') in 0.196588 seconds 
========================================================================
Received Import Request.
  Time since last request: 0.000111 seconds.
  path: Assets/hld/bios/Chris_Braz.jpg
  artifactKey: Guid(f86643897a5f54ed8bcebb705878f2c6) Importer(815301076,1909f56bfc062723c751e8b465ee728b)
Start importing Assets/hld/bios/Chris_Braz.jpg using Guid(f86643897a5f54ed8bcebb705878f2c6) Importer(815301076,1909f56bfc062723c751e8b465ee728b)  -> (artifact id: '80628b63242065a0a33fd64ec701bfed') in 0.212258 seconds 
========================================================================
Received Import Request.
  Time since last request: 0.000092 seconds.
  path: Packages/com.unity.render-pipelines.core/Runtime/Debugging/Prefabs/Widgets/DebugUIVBox.prefab
  artifactKey: Guid(ca3e294656861a64b8aeeb9f916da0a9) Importer(815301076,1909f56bfc062723c751e8b465ee728b)
Start importing Packages/com.unity.render-pipelines.core/Runtime/Debugging/Prefabs/Widgets/DebugUIVBox.prefab using Guid(ca3e294656861a64b8aeeb9f916da0a9) Importer(815301076,1909f56bfc062723c751e8b465ee728b)  -> (artifact id: '90655b421694f4f41d9663bfb44c6c23') in 0.005717 seconds 
========================================================================
Received Import Request.
  Time since last request: 0.000092 seconds.
  path: Assets/hld/bios/Kelly_Ramis.jpg
  artifactKey: Guid(64bc32463451c4140b2c25f8998ee38f) Importer(815301076,1909f56bfc062723c751e8b465ee728b)
Start importing Assets/hld/bios/Kelly_Ramis.jpg using Guid(64bc32463451c4140b2c25f8998ee38f) Importer(815301076,1909f56bfc062723c751e8b465ee728b)  -> (artifact id: 'c7db73da8d680e844d0105997660a91a') in 0.051150 seconds 
========================================================================
Received Import Request.
  Time since last request: 0.000922 seconds.
  path: Assets/CleanupAndReloadApp.cs
  artifactKey: Guid(e187b6cd075484044b16f8c1df926901) Importer(815301076,1909f56bfc062723c751e8b465ee728b)
Start importing Assets/CleanupAndReloadApp.cs using Guid(e187b6cd075484044b16f8c1df926901) Importer(815301076,1909f56bfc062723c751e8b465ee728b)  -> (artifact id: '98992a1312906b5cad521b3041deba40') in 10.090339 seconds 
========================================================================
Received Import Request.
  Time since last request: 0.000150 seconds.
  path: Assets/hld/bios/Peter_Trojic.jpg
  artifactKey: Guid(3dbceb6d31fe0466e9f8403377aacc0b) Importer(815301076,1909f56bfc062723c751e8b465ee728b)
Start importing Assets/hld/bios/Peter_Trojic.jpg using Guid(3dbceb6d31fe0466e9f8403377aacc0b) Importer(815301076,1909f56bfc062723c751e8b465ee728b)  -> (artifact id: '448cd60a5710baa519fd75fced9ed091') in 0.230652 seconds 
========================================================================
Received Import Request.
  Time since last request: 0.000116 seconds.
  path: Assets/hld/bios/Nico_Gonzales.png
  artifactKey: Guid(cfa7277e30c424f05ac19cc848122574) Importer(815301076,1909f56bfc062723c751e8b465ee728b)
Start importing Assets/hld/bios/Nico_Gonzales.png using Guid(cfa7277e30c424f05ac19cc848122574) Importer(815301076,1909f56bfc062723c751e8b465ee728b)  -> (artifact id: '4db6c7f3cfbf9bec1f6c3087227544aa') in 0.123090 seconds 
========================================================================
Received Import Request.
  Time since last request: 0.000088 seconds.
  path: Packages/com.unity.render-pipelines.core/Runtime/Debugging/Prefabs/Resources/DebugUICanvas.prefab
  artifactKey: Guid(cf6cbdd672089a84796e55a21fed1cbe) Importer(815301076,1909f56bfc062723c751e8b465ee728b)
Start importing Packages/com.unity.render-pipelines.core/Runtime/Debugging/Prefabs/Resources/DebugUICanvas.prefab using Guid(cf6cbdd672089a84796e55a21fed1cbe) Importer(815301076,1909f56bfc062723c751e8b465ee728b)  -> (artifact id: 'ee96fc716351f52131692266ef047217') in 0.331998 seconds 
========================================================================
Received Prepare
Registering precompiled user dll's ...
Registered in 0.005951 seconds.
Begin MonoManager ReloadAssembly
Native extension for iOS target not found
2022-11-17 18:17:01.145 Unity[8351:193938] [XcodeApplications] Failed to read NSDictionary from path /Users/keenangray/Downloads/Xcode-beta.app/Contents/Info.plist
Native extension for Android target not found
Native extension for OSXStandalone target not found
Refreshing native plugins compatible for Editor in 1.36 ms, found 2 plugins.
Preloading 0 native plugins for Editor in 0.00 ms.
Mono: successfully reloaded assembly
- Completed reload, in  2.636 seconds
Domain Reload Profiling:
	ReloadAssembly (2637ms)
		BeginReloadAssembly (408ms)
			ExecutionOrderSort (0ms)
			DisableScriptedObjects (16ms)
			BackupInstance (0ms)
			ReleaseScriptingObjects (0ms)
			CreateAndSetChildDomain (157ms)
		EndReloadAssembly (2002ms)
			LoadAssemblies (336ms)
			RebuildTransferFunctionScriptingTraits (0ms)
			SetupTypeCache (554ms)
			ReleaseScriptCaches (3ms)
			RebuildScriptCaches (153ms)
			SetupLoadedEditorAssemblies (936ms)
				LogAssemblyErrors (0ms)
				InitializePlatformSupportModulesInManaged (59ms)
				SetLoadedEditorAssemblies (1ms)
				RefreshPlugins (1ms)
				BeforeProcessingInitializeOnLoad (157ms)
				ProcessInitializeOnLoadAttributes (413ms)
				ProcessInitializeOnLoadMethodAttributes (302ms)
				AfterProcessingInitializeOnLoad (3ms)
				EditorAssembliesLoaded (0ms)
			ExecutionOrderSort2 (0ms)
			AwakeInstancesAfterBackupRestoration (7ms)
Platform modules already initialized, skipping
Refreshing native plugins compatible for Editor in 19.47 ms, found 2 plugins.
Preloading 0 native plugins for Editor in 0.00 ms.
Unloading 3557 Unused Serialized files (Serialized files now loaded: 0)
Unloading 80 unused Assets / (310.7 KB). Loaded Objects now: 4086.
Memory consumption went from 0.63 GB to 0.63 GB.
Total: 27.784438 ms (FindLiveObjects: 0.453668 ms CreateObjectMapping: 0.461729 ms MarkObjects: 26.610006 ms  DeleteObjects: 0.255607 ms)

AssetImportParameters requested are different than current active one (requested -> active):
  custom:video-decoder-ogg-theora: a1e56fd34408186e4bbccfd4996cb3dc -> 
  custom:container-muxer-webm: aa71ff27fc2769a1b78a27578f13a17b -> 
  custom:container-demuxer-webm: 4f35f7cbe854078d1ac9338744f61a02 -> 
  custom:video-encoder-webm-vp8: eb34c28f22e8b96e1ab97ce403110664 -> 
  custom:framework-osx-AVFoundation: e770b220cccbd017edd2c1fefb359320 -> 
  custom:audio-encoder-webm-vorbis: bf7c407c2cedff20999df2af8eb42d56 -> 
  custom:container-demuxer-ogg: 62fdf1f143b41e24485cea50d1cbac27 -> 
  custom:video-decoder-webm-vp8: 9c59270c3fd7afecdb556c50c9e8de78 -> 
  custom:audio-decoder-ogg-vorbis: bf7c407c2cedff20999df2af8eb42d56 -> 
========================================================================
Received Prepare
Registering precompiled user dll's ...
Registered in 0.005735 seconds.
Begin MonoManager ReloadAssembly
Native extension for iOS target not found
2022-11-17 18:17:35.479 Unity[8351:193938] [XcodeApplications] Failed to read NSDictionary from path /Users/keenangray/Downloads/Xcode-beta.app/Contents/Info.plist
Native extension for Android target not found
Native extension for OSXStandalone target not found
Refreshing native plugins compatible for Editor in 2.31 ms, found 2 plugins.
Preloading 0 native plugins for Editor in 0.00 ms.
Mono: successfully reloaded assembly
- Completed reload, in  2.062 seconds
Domain Reload Profiling:
	ReloadAssembly (2063ms)
		BeginReloadAssembly (277ms)
			ExecutionOrderSort (0ms)
			DisableScriptedObjects (17ms)
			BackupInstance (0ms)
			ReleaseScriptingObjects (0ms)
			CreateAndSetChildDomain (92ms)
		EndReloadAssembly (1634ms)
			LoadAssemblies (232ms)
			RebuildTransferFunctionScriptingTraits (0ms)
			SetupTypeCache (384ms)
			ReleaseScriptCaches (2ms)
			RebuildScriptCaches (75ms)
			SetupLoadedEditorAssemblies (929ms)
				LogAssemblyErrors (0ms)
				InitializePlatformSupportModulesInManaged (58ms)
				SetLoadedEditorAssemblies (1ms)
				RefreshPlugins (2ms)
				BeforeProcessingInitializeOnLoad (174ms)
				ProcessInitializeOnLoadAttributes (406ms)
				ProcessInitializeOnLoadMethodAttributes (283ms)
				AfterProcessingInitializeOnLoad (3ms)
				EditorAssembliesLoaded (0ms)
			ExecutionOrderSort2 (0ms)
			AwakeInstancesAfterBackupRestoration (6ms)
Platform modules already initialized, skipping
Refreshing native plugins compatible for Editor in 20.80 ms, found 2 plugins.
Preloading 0 native plugins for Editor in 0.00 ms.
Unloading 3557 Unused Serialized files (Serialized files now loaded: 0)
Unloading 76 unused Assets / (307.8 KB). Loaded Objects now: 4089.
Memory consumption went from 0.64 GB to 0.64 GB.
Total: 25.825600 ms (FindLiveObjects: 0.893121 ms CreateObjectMapping: 0.493536 ms MarkObjects: 24.216972 ms  DeleteObjects: 0.219893 ms)

AssetImportParameters requested are different than current active one (requested -> active):
  custom:video-decoder-ogg-theora: a1e56fd34408186e4bbccfd4996cb3dc -> 
  custom:container-muxer-webm: aa71ff27fc2769a1b78a27578f13a17b -> 
  custom:container-demuxer-webm: 4f35f7cbe854078d1ac9338744f61a02 -> 
  custom:video-encoder-webm-vp8: eb34c28f22e8b96e1ab97ce403110664 -> 
  custom:framework-osx-AVFoundation: e770b220cccbd017edd2c1fefb359320 -> 
  custom:audio-encoder-webm-vorbis: bf7c407c2cedff20999df2af8eb42d56 -> 
  custom:container-demuxer-ogg: 62fdf1f143b41e24485cea50d1cbac27 -> 
  custom:video-decoder-webm-vp8: 9c59270c3fd7afecdb556c50c9e8de78 -> 
  custom:audio-decoder-ogg-vorbis: bf7c407c2cedff20999df2af8eb42d56 -> 
