Unity Editor version:    2021.3.26f1 (a16dc32e0ff2)
Branch:                  2021.3/staging
Build type:              Release
Batch mode:              YES
macOS version:           Version 13.3.1 (a) (Build 22E772610a)
Darwin version:          22.4.0
Architecture:            arm64
Running under Rosetta:   NO
Available memory:        16384 MB
Using pre-set license
Pro License: YES

COMMAND LINE ARGUMENTS:
/Applications/Unity/Hub/Editor/2021.3.26f1/Unity.app/Contents/MacOS/Unity
-adb2
-batchMode
-noUpm
-name
AssetImportWorker0
-projectPath
/Users/keenangray/Docs/HLD-MediaApp
-logFile
Logs/AssetImportWorker0.log
-srvPort
52868
Successfully changed project path to: /Users/keenangray/Docs/HLD-MediaApp
/Users/keenangray/Docs/HLD-MediaApp
[UnityMemory] Configuration Parameters - Can be set up in boot.config
    "memorysetup-bucket-allocator-granularity=16"
    "memorysetup-bucket-allocator-bucket-count=8"
    "memorysetup-bucket-allocator-block-size=33554432"
    "memorysetup-bucket-allocator-block-count=8"
    "memorysetup-main-allocator-block-size=16777216"
    "memorysetup-thread-allocator-block-size=16777216"
    "memorysetup-gfx-main-allocator-block-size=16777216"
    "memorysetup-gfx-thread-allocator-block-size=16777216"
    "memorysetup-cache-allocator-block-size=4194304"
    "memorysetup-typetree-allocator-block-size=2097152"
    "memorysetup-profiler-bucket-allocator-granularity=16"
    "memorysetup-profiler-bucket-allocator-bucket-count=8"
    "memorysetup-profiler-bucket-allocator-block-size=33554432"
    "memorysetup-profiler-bucket-allocator-block-count=8"
    "memorysetup-profiler-allocator-block-size=16777216"
    "memorysetup-profiler-editor-allocator-block-size=1048576"
    "memorysetup-temp-allocator-size-main=16777216"
    "memorysetup-job-temp-allocator-block-size=2097152"
    "memorysetup-job-temp-allocator-block-size-background=1048576"
    "memorysetup-job-temp-allocator-reduction-small-platforms=262144"
    "memorysetup-temp-allocator-size-background-worker=32768"
    "memorysetup-temp-allocator-size-job-worker=262144"
    "memorysetup-temp-allocator-size-preload-manager=33554432"
    "memorysetup-temp-allocator-size-nav-mesh-worker=65536"
    "memorysetup-temp-allocator-size-audio-worker=65536"
    "memorysetup-temp-allocator-size-cloud-worker=32768"
    "memorysetup-temp-allocator-size-gi-baking-worker=262144"
    "memorysetup-temp-allocator-size-gfx=262144"
Player connection [8002034496] Host "[IP] 10.0.0.206 [Port] 0 [Flags] 2 [Guid] 4217439815 [EditorId] 4217439815 [Version] 1048832 [Id] OSXEditor(0,Keenans-MacBook-Pro.local) [Debug] 1 [PackageName] OSXEditor [ProjectName] Editor" joined multi-casting on [225.0.0.222:54997]...

Player connection [8002034496] Host "[IP] 10.0.0.206 [Port] 0 [Flags] 2 [Guid] 4217439815 [EditorId] 4217439815 [Version] 1048832 [Id] OSXEditor(0,Keenans-MacBook-Pro.local) [Debug] 1 [PackageName] OSXEditor [ProjectName] Editor" joined alternative multi-casting on [225.0.0.222:34997]...

Refreshing native plugins compatible for Editor in 39.27 ms, found 2 plugins.
Preloading 0 native plugins for Editor in 0.00 ms.
Initialize engine version: 2021.3.26f1 (a16dc32e0ff2)
[Subsystems] Discovering subsystems at path /Applications/Unity/Hub/Editor/2021.3.26f1/Unity.app/Contents/Resources/UnitySubsystems
[Subsystems] Discovering subsystems at path /Users/keenangray/Docs/HLD-MediaApp/Assets
GfxDevice: creating device client; threaded=0; jobified=0
 preferred device: Apple M2 Pro (high power)
Metal devices available: 1
0: Apple M2 Pro (high power)
Using device Apple M2 Pro (high power)
Initializing Metal device caps: Apple M2 Pro
Initialize mono
Mono path[0] = '/Applications/Unity/Hub/Editor/2021.3.26f1/Unity.app/Contents/Managed'
Mono path[1] = '/Applications/Unity/Hub/Editor/2021.3.26f1/Unity.app/Contents/MonoBleedingEdge/lib/mono/unityjit-macos'
Mono config path = '/Applications/Unity/Hub/Editor/2021.3.26f1/Unity.app/Contents/MonoBleedingEdge/etc'
Using monoOptions --debugger-agent=transport=dt_socket,embedding=1,server=y,suspend=n,address=127.0.0.1:56718
Begin MonoManager ReloadAssembly
Registering precompiled unity dll's ...
Register platform support module: /Applications/Unity/Hub/Editor/2021.3.26f1/Unity.app/Contents/PlaybackEngines/MacStandaloneSupport/UnityEditor.OSXStandalone.Extensions.dll
Register platform support module: /Applications/Unity/Hub/Editor/2021.3.26f1/PlaybackEngines/AndroidPlayer/UnityEditor.Android.Extensions.dll
Register platform support module: /Applications/Unity/Hub/Editor/2021.3.26f1/PlaybackEngines/iOSSupport/UnityEditor.iOS.Extensions.dll
Registered in 0.000562 seconds.
[usbmuxd] Start listen thread
[usbmuxd] Listen thread started
[usbmuxd] Send listen message
Native extension for iOS target not found
Native extension for Android target not found
An ADB process has shut down when we were accessing it, the following System.ArgumentOutOfRangeException has been thrown: Index was out of range. Must be non-negative and less than the size of the collection.
Parameter name: index.
Android Extension - Scanning For ADB Devices 56 ms
Native extension for OSXStandalone target not found
Refreshing native plugins compatible for Editor in 38.49 ms, found 2 plugins.
Preloading 0 native plugins for Editor in 0.00 ms.
Mono: successfully reloaded assembly
- Completed reload, in  0.440 seconds
Domain Reload Profiling:
	ReloadAssembly (441ms)
		BeginReloadAssembly (44ms)
			ExecutionOrderSort (0ms)
			DisableScriptedObjects (0ms)
			BackupInstance (0ms)
			ReleaseScriptingObjects (0ms)
			CreateAndSetChildDomain (0ms)
		EndReloadAssembly (347ms)
			LoadAssemblies (45ms)
			RebuildTransferFunctionScriptingTraits (0ms)
			SetupTypeCache (61ms)
			ReleaseScriptCaches (0ms)
			RebuildScriptCaches (16ms)
			SetupLoadedEditorAssemblies (247ms)
				LogAssemblyErrors (0ms)
				InitializePlatformSupportModulesInManaged (147ms)
				SetLoadedEditorAssemblies (0ms)
				RefreshPlugins (39ms)
				BeforeProcessingInitializeOnLoad (1ms)
				ProcessInitializeOnLoadAttributes (40ms)
				ProcessInitializeOnLoadMethodAttributes (20ms)
				AfterProcessingInitializeOnLoad (0ms)
				EditorAssembliesLoaded (0ms)
			ExecutionOrderSort2 (0ms)
			AwakeInstancesAfterBackupRestoration (0ms)
Platform modules already initialized, skipping
Registering precompiled user dll's ...
Registered in 0.001424 seconds.
Begin MonoManager ReloadAssembly
Symbol file LoadedFromMemory is not a mono symbol file
Symbol file LoadedFromMemory is not a mono symbol file
Symbol file LoadedFromMemory is not a mono symbol file
Symbol file LoadedFromMemory is not a mono symbol file
Symbol file LoadedFromMemory is not a mono symbol file
Native extension for iOS target not found
Native extension for Android target not found
Native extension for OSXStandalone target not found
Refreshing native plugins compatible for Editor in 36.50 ms, found 2 plugins.
Preloading 0 native plugins for Editor in 0.00 ms.
Mono: successfully reloaded assembly
- Completed reload, in  0.619 seconds
Domain Reload Profiling:
	ReloadAssembly (620ms)
		BeginReloadAssembly (55ms)
			ExecutionOrderSort (0ms)
			DisableScriptedObjects (3ms)
			BackupInstance (0ms)
			ReleaseScriptingObjects (0ms)
			CreateAndSetChildDomain (16ms)
		EndReloadAssembly (515ms)
			LoadAssemblies (53ms)
			RebuildTransferFunctionScriptingTraits (0ms)
			SetupTypeCache (125ms)
			ReleaseScriptCaches (0ms)
			RebuildScriptCaches (32ms)
			SetupLoadedEditorAssemblies (271ms)
				LogAssemblyErrors (0ms)
				InitializePlatformSupportModulesInManaged (15ms)
				SetLoadedEditorAssemblies (0ms)
				RefreshPlugins (37ms)
				BeforeProcessingInitializeOnLoad (40ms)
				ProcessInitializeOnLoadAttributes (92ms)
				ProcessInitializeOnLoadMethodAttributes (87ms)
				AfterProcessingInitializeOnLoad (1ms)
				EditorAssembliesLoaded (0ms)
			ExecutionOrderSort2 (0ms)
			AwakeInstancesAfterBackupRestoration (2ms)
Platform modules already initialized, skipping
========================================================================
Worker process is ready to serve import requests
Launching external process: /Applications/Unity/Hub/Editor/2021.3.26f1/Unity.app/Contents/Tools/UnityShaderCompiler
Launched and connected shader compiler UnityShaderCompiler after 0.04 seconds
Refreshing native plugins compatible for Editor in 0.53 ms, found 2 plugins.
Preloading 0 native plugins for Editor in 0.00 ms.
Unloading 3422 Unused Serialized files (Serialized files now loaded: 0)
Unloading 77 unused Assets / (328.2 KB). Loaded Objects now: 3846.
Memory consumption went from 123.1 MB to 122.8 MB.
Total: 4.893083 ms (FindLiveObjects: 0.098500 ms CreateObjectMapping: 0.048375 ms MarkObjects: 4.656875 ms  DeleteObjects: 0.089083 ms)

AssetImportParameters requested are different than current active one (requested -> active):
  custom:video-decoder-ogg-theora: a1e56fd34408186e4bbccfd4996cb3dc -> 
  custom:container-muxer-webm: aa71ff27fc2769a1b78a27578f13a17b -> 
  custom:container-demuxer-webm: 4f35f7cbe854078d1ac9338744f61a02 -> 
  custom:video-encoder-webm-vp8: eb34c28f22e8b96e1ab97ce403110664 -> 
  custom:framework-osx-AVFoundation: e770b220cccbd017edd2c1fefb359320 -> 
  custom:audio-encoder-webm-vorbis: bf7c407c2cedff20999df2af8eb42d56 -> 
  custom:container-demuxer-ogg: 62fdf1f143b41e24485cea50d1cbac27 -> 
  custom:video-decoder-webm-vp8: 9c59270c3fd7afecdb556c50c9e8de78 -> 
  custom:audio-decoder-ogg-vorbis: bf7c407c2cedff20999df2af8eb42d56 -> 
========================================================================
Received Import Request.
  Time since last request: 614987.613236 seconds.
  path: Assets/Prefabs/App_SubMenu.prefab
  artifactKey: Guid(054d8ddb5e77c433780322263daea012) Importer(815301076,1909f56bfc062723c751e8b465ee728b)
Start importing Assets/Prefabs/App_SubMenu.prefab using Guid(054d8ddb5e77c433780322263daea012) Importer(815301076,1909f56bfc062723c751e8b465ee728b)  -> (artifact id: 'ca6e66d76b655c0bd8e2473b8a81c2c5') in 0.087157 seconds 
========================================================================
Received Import Request.
  Time since last request: 0.000044 seconds.
  path: Assets/Prefabs/BackButtonRoot.prefab
  artifactKey: Guid(10dd5e185675b4002a5c0c37ea155677) Importer(815301076,1909f56bfc062723c751e8b465ee728b)
Start importing Assets/Prefabs/BackButtonRoot.prefab using Guid(10dd5e185675b4002a5c0c37ea155677) Importer(815301076,1909f56bfc062723c751e8b465ee728b)  -> (artifact id: '6b050672df062eea465cd496a2ddd2ff') in 0.004743 seconds 
========================================================================
Received Import Request.
  Time since last request: 0.000032 seconds.
  path: Assets/Prefabs/GoodPageScrollView.prefab
  artifactKey: Guid(d41c3566ade3940f6ba01dbe62fd06c1) Importer(815301076,1909f56bfc062723c751e8b465ee728b)
Start importing Assets/Prefabs/GoodPageScrollView.prefab using Guid(d41c3566ade3940f6ba01dbe62fd06c1) Importer(815301076,1909f56bfc062723c751e8b465ee728b)  -> (artifact id: '8be05ad6cf68cce39951e40788a0b783') in 0.022522 seconds 
========================================================================
Received Import Request.
  Time since last request: 0.000039 seconds.
  path: Assets/Prefabs/BG_Mask.prefab
  artifactKey: Guid(30653b2010052478d978608504bc5578) Importer(815301076,1909f56bfc062723c751e8b465ee728b)
Start importing Assets/Prefabs/BG_Mask.prefab using Guid(30653b2010052478d978608504bc5578) Importer(815301076,1909f56bfc062723c751e8b465ee728b)  -> (artifact id: '8382a9a19b7e7a21c4b839516ddb4a49') in 0.001895 seconds 
========================================================================
Received Import Request.
  Time since last request: 0.000030 seconds.
  path: Assets/Prefabs/AudioTools.prefab
  artifactKey: Guid(01144d2e230354c9a8d7e82685351cff) Importer(815301076,1909f56bfc062723c751e8b465ee728b)
Start importing Assets/Prefabs/AudioTools.prefab using Guid(01144d2e230354c9a8d7e82685351cff) Importer(815301076,1909f56bfc062723c751e8b465ee728b)  -> (artifact id: '785e071034c2067a08f5dfe38fda4f68') in 0.024014 seconds 
========================================================================
Received Import Request.
  Time since last request: 0.000034 seconds.
  path: Assets/Resources/UI_Buffer.prefab
  artifactKey: Guid(ea2cacbaa2f0d4e4c98ea3af8053533d) Importer(815301076,1909f56bfc062723c751e8b465ee728b)
Start importing Assets/Resources/UI_Buffer.prefab using Guid(ea2cacbaa2f0d4e4c98ea3af8053533d) Importer(815301076,1909f56bfc062723c751e8b465ee728b)  -> (artifact id: '7b1e9eea1439b775ac0e76993ec81140') in 0.001116 seconds 
========================================================================
Received Import Request.
  Time since last request: 0.000037 seconds.
  path: Assets/Prefabs/HLD_TransparentLogo.prefab
  artifactKey: Guid(101f6fbc4a5fb4a43bc111c66fb111eb) Importer(815301076,1909f56bfc062723c751e8b465ee728b)
Start importing Assets/Prefabs/HLD_TransparentLogo.prefab using Guid(101f6fbc4a5fb4a43bc111c66fb111eb) Importer(815301076,1909f56bfc062723c751e8b465ee728b)  -> (artifact id: '7b9f2b9eb5ef4febc0ef0f456c54973f') in 0.001569 seconds 
========================================================================
Received Import Request.
  Time since last request: 0.000031 seconds.
  path: Assets/Prefabs/Layout_TextGroup.prefab
  artifactKey: Guid(0ecba51525fcf457b8bcd0da968f820c) Importer(815301076,1909f56bfc062723c751e8b465ee728b)
Start importing Assets/Prefabs/Layout_TextGroup.prefab using Guid(0ecba51525fcf457b8bcd0da968f820c) Importer(815301076,1909f56bfc062723c751e8b465ee728b)  -> (artifact id: 'bf23a71cc06843de2fd700788b9e8303') in 0.001095 seconds 
========================================================================
Received Import Request.
  Time since last request: 0.000029 seconds.
  path: Assets/Materials/GreyScale.mat
  artifactKey: Guid(99974fcd032494ca5a070ff762cda2b9) Importer(815301076,1909f56bfc062723c751e8b465ee728b)
Start importing Assets/Materials/GreyScale.mat using Guid(99974fcd032494ca5a070ff762cda2b9) Importer(815301076,1909f56bfc062723c751e8b465ee728b)  -> (artifact id: 'e43967c21f98bd1fc9da5b03a0d64fd5') in 0.075449 seconds 
========================================================================
Received Import Request.
  Time since last request: 0.000047 seconds.
  path: Assets/Prefabs/App_SubMenuButton.prefab
  artifactKey: Guid(c07ae07fd46bc41dfbf2ab3d15de5975) Importer(815301076,1909f56bfc062723c751e8b465ee728b)
Start importing Assets/Prefabs/App_SubMenuButton.prefab using Guid(c07ae07fd46bc41dfbf2ab3d15de5975) Importer(815301076,1909f56bfc062723c751e8b465ee728b)  -> (artifact id: 'e22906c083ea98901c498429ae2c7627') in 0.009951 seconds 
========================================================================
Received Import Request.
  Time since last request: 0.000031 seconds.
  path: Assets/Materials/Blank.renderTexture
  artifactKey: Guid(8f9dc72d1e77d4d63ab57d05a4998439) Importer(815301076,1909f56bfc062723c751e8b465ee728b)
Start importing Assets/Materials/Blank.renderTexture using Guid(8f9dc72d1e77d4d63ab57d05a4998439) Importer(815301076,1909f56bfc062723c751e8b465ee728b)  -> (artifact id: '69aa9b5738d8bd03147d8bb203edea77') in 0.027439 seconds 
========================================================================
Received Import Request.
  Time since last request: 0.000052 seconds.
  path: Assets/Prefabs/VideoPlayer.prefab
  artifactKey: Guid(ac4c84a19847c4542b33a66db77496cd) Importer(815301076,1909f56bfc062723c751e8b465ee728b)
Start importing Assets/Prefabs/VideoPlayer.prefab using Guid(ac4c84a19847c4542b33a66db77496cd) Importer(815301076,1909f56bfc062723c751e8b465ee728b)  -> (artifact id: '89091865ea04438866e54b1788b73496') in 0.012201 seconds 
========================================================================
Received Import Request.
  Time since last request: 0.000039 seconds.
  path: Assets/Prefabs/Layout_TextItem.prefab
  artifactKey: Guid(2fbeed23c92014ce8a3ee7ce1cea8170) Importer(815301076,1909f56bfc062723c751e8b465ee728b)
Start importing Assets/Prefabs/Layout_TextItem.prefab using Guid(2fbeed23c92014ce8a3ee7ce1cea8170) Importer(815301076,1909f56bfc062723c751e8b465ee728b)  -> (artifact id: 'e05dce82b57f5481444ad760e44e4eba') in 0.009509 seconds 
========================================================================
Received Import Request.
  Time since last request: 0.000047 seconds.
  path: Assets/Prefabs/Layout_TextItemNoChild.prefab
  artifactKey: Guid(c5595885767ad40e18d5c071579f4815) Importer(815301076,1909f56bfc062723c751e8b465ee728b)
Start importing Assets/Prefabs/Layout_TextItemNoChild.prefab using Guid(c5595885767ad40e18d5c071579f4815) Importer(815301076,1909f56bfc062723c751e8b465ee728b)  -> (artifact id: '94d969145ee3ca2ab3ec2acbf37924cf') in 0.000961 seconds 
========================================================================
Received Import Request.
  Time since last request: 0.000028 seconds.
  path: Assets/Materials/Icon.mat
  artifactKey: Guid(78e697cfbcfc84c0381105c0eeda43bd) Importer(815301076,1909f56bfc062723c751e8b465ee728b)
Start importing Assets/Materials/Icon.mat using Guid(78e697cfbcfc84c0381105c0eeda43bd) Importer(815301076,1909f56bfc062723c751e8b465ee728b)  -> (artifact id: '046d9a67db0117aac3291f58bccd9508') in 0.244688 seconds 
========================================================================
Received Import Request.
  Time since last request: 0.000048 seconds.
  path: Assets/Prefabs/App_Biography.prefab
  artifactKey: Guid(a0507d24b86394286b4257a19d76eb81) Importer(815301076,1909f56bfc062723c751e8b465ee728b)
Start importing Assets/Prefabs/App_Biography.prefab using Guid(a0507d24b86394286b4257a19d76eb81) Importer(815301076,1909f56bfc062723c751e8b465ee728b)  -> (artifact id: '01c77f461788b2f690232656ca383f5d') in 0.011067 seconds 
========================================================================
Received Import Request.
  Time since last request: 0.000038 seconds.
  path: Assets/Prefabs/UIB_Text.prefab
  artifactKey: Guid(450b1b5c5993a4a59b7be80dd42811ad) Importer(815301076,1909f56bfc062723c751e8b465ee728b)
Start importing Assets/Prefabs/UIB_Text.prefab using Guid(450b1b5c5993a4a59b7be80dd42811ad) Importer(815301076,1909f56bfc062723c751e8b465ee728b)  -> (artifact id: 'cbede5bd65f829819ca1bfbefe93af25') in 0.009168 seconds 
========================================================================
Received Import Request.
  Time since last request: 0.000034 seconds.
  path: Assets/Prefabs/Background.prefab
  artifactKey: Guid(522a0964bc01646eaa85a67ef4e6dd7c) Importer(815301076,1909f56bfc062723c751e8b465ee728b)
Start importing Assets/Prefabs/Background.prefab using Guid(522a0964bc01646eaa85a67ef4e6dd7c) Importer(815301076,1909f56bfc062723c751e8b465ee728b)  -> (artifact id: '3c821d13edd8b4a7859c221419ed3a89') in 0.001879 seconds 
========================================================================
Received Import Request.
  Time since last request: 0.000028 seconds.
  path: Assets/Prefabs/Vertical_Scroll.prefab
  artifactKey: Guid(3ce2a284da02a40e5813df8f2750cc18) Importer(815301076,1909f56bfc062723c751e8b465ee728b)
Start importing Assets/Prefabs/Vertical_Scroll.prefab using Guid(3ce2a284da02a40e5813df8f2750cc18) Importer(815301076,1909f56bfc062723c751e8b465ee728b)  -> (artifact id: 'f48e665039aa8b2ca6ef40c7233bdb1a') in 0.000871 seconds 
========================================================================
Received Import Request.
  Time since last request: 0.000034 seconds.
  path: Assets/Prefabs/Landing_Button.prefab
  artifactKey: Guid(27aecec58dfb6430eb308e430ac56d92) Importer(815301076,1909f56bfc062723c751e8b465ee728b)
Start importing Assets/Prefabs/Landing_Button.prefab using Guid(27aecec58dfb6430eb308e430ac56d92) Importer(815301076,1909f56bfc062723c751e8b465ee728b)  -> (artifact id: 'acdd102490781367ade116d77d9dde29') in 0.009975 seconds 
========================================================================
Received Import Request.
  Time since last request: 0.000031 seconds.
  path: Assets/Resources/BluetoothAudioSource.prefab
  artifactKey: Guid(b8ecdf952a02a4ae4bd797876182743b) Importer(815301076,1909f56bfc062723c751e8b465ee728b)
Start importing Assets/Resources/BluetoothAudioSource.prefab using Guid(b8ecdf952a02a4ae4bd797876182743b) Importer(815301076,1909f56bfc062723c751e8b465ee728b)  -> (artifact id: '7cda60d8a3757714cb58772e33cdcadb') in 0.020970 seconds 
========================================================================
Received Import Request.
  Time since last request: 0.000054 seconds.
  path: Assets/Prefabs/App_Narrative.prefab
  artifactKey: Guid(37374afce02b9434fa40320baf3c8aeb) Importer(815301076,1909f56bfc062723c751e8b465ee728b)
Start importing Assets/Prefabs/App_Narrative.prefab using Guid(37374afce02b9434fa40320baf3c8aeb) Importer(815301076,1909f56bfc062723c751e8b465ee728b)  -> (artifact id: '088420d753a9a9a13719529643f620bf') in 0.001516 seconds 
========================================================================
Received Import Request.
  Time since last request: 0.000025 seconds.
  path: Assets/Prefabs/AudioPlayer.prefab
  artifactKey: Guid(6578b5703cdbc456eba85a90255faac0) Importer(815301076,1909f56bfc062723c751e8b465ee728b)
Start importing Assets/Prefabs/AudioPlayer.prefab using Guid(6578b5703cdbc456eba85a90255faac0) Importer(815301076,1909f56bfc062723c751e8b465ee728b)  -> (artifact id: '5e88d4afdf7a1110da6df582a014cb98') in 0.011725 seconds 
========================================================================
Received Import Request.
  Time since last request: 7.812934 seconds.
  path: Assets/Plugins/UIB/UI_Builder
  artifactKey: Guid(9913c967491f64ddb966735413564ad7) Importer(815301076,1909f56bfc062723c751e8b465ee728b)
Start importing Assets/Plugins/UIB/UI_Builder using Guid(9913c967491f64ddb966735413564ad7) Importer(815301076,1909f56bfc062723c751e8b465ee728b)  -> (artifact id: 'cca4e336b19b4ecf39f5baee72272099') in 0.001576 seconds 
========================================================================
Received Import Request.
  Time since last request: 0.115566 seconds.
  path: Assets/Plugins/UIB/UI_Builder/VideoPlayerTexture.renderTexture
  artifactKey: Guid(9bff9c500e1414d69935a537ebcbfcfa) Importer(815301076,1909f56bfc062723c751e8b465ee728b)
Start importing Assets/Plugins/UIB/UI_Builder/VideoPlayerTexture.renderTexture using Guid(9bff9c500e1414d69935a537ebcbfcfa) Importer(815301076,1909f56bfc062723c751e8b465ee728b)  -> (artifact id: '6adc86255ac731b2c22f3ad5e70c40fe') in 0.007740 seconds 
========================================================================
Received Import Request.
  Time since last request: 0.844430 seconds.
  path: Assets/Plugins/UIB/UI_Builder/SpecialAcessibleUI
  artifactKey: Guid(1d29a27c58f2d46e8a82f549c1309ad7) Importer(815301076,1909f56bfc062723c751e8b465ee728b)
Start importing Assets/Plugins/UIB/UI_Builder/SpecialAcessibleUI using Guid(1d29a27c58f2d46e8a82f549c1309ad7) Importer(815301076,1909f56bfc062723c751e8b465ee728b)  -> (artifact id: '5c5a4615708991bbe34327268e3e1955') in 0.001602 seconds 
========================================================================
Received Prepare
Registering precompiled user dll's ...
Registered in 0.001499 seconds.
Begin MonoManager ReloadAssembly
Thread 0x28e3af000 may have been prematurely finalized
Symbol file LoadedFromMemory is not a mono symbol file
Symbol file LoadedFromMemory is not a mono symbol file
Symbol file LoadedFromMemory is not a mono symbol file
Symbol file LoadedFromMemory is not a mono symbol file
Symbol file LoadedFromMemory is not a mono symbol file
Native extension for iOS target not found
Native extension for Android target not found
Native extension for OSXStandalone target not found
Refreshing native plugins compatible for Editor in 0.59 ms, found 2 plugins.
Preloading 0 native plugins for Editor in 0.00 ms.
Mono: successfully reloaded assembly
- Completed reload, in  0.575 seconds
Domain Reload Profiling:
	ReloadAssembly (575ms)
		BeginReloadAssembly (82ms)
			ExecutionOrderSort (0ms)
			DisableScriptedObjects (3ms)
			BackupInstance (0ms)
			ReleaseScriptingObjects (0ms)
			CreateAndSetChildDomain (31ms)
		EndReloadAssembly (444ms)
			LoadAssemblies (40ms)
			RebuildTransferFunctionScriptingTraits (0ms)
			SetupTypeCache (131ms)
			ReleaseScriptCaches (1ms)
			RebuildScriptCaches (25ms)
			SetupLoadedEditorAssemblies (219ms)
				LogAssemblyErrors (0ms)
				InitializePlatformSupportModulesInManaged (16ms)
				SetLoadedEditorAssemblies (0ms)
				RefreshPlugins (1ms)
				BeforeProcessingInitializeOnLoad (32ms)
				ProcessInitializeOnLoadAttributes (84ms)
				ProcessInitializeOnLoadMethodAttributes (86ms)
				AfterProcessingInitializeOnLoad (1ms)
				EditorAssembliesLoaded (0ms)
			ExecutionOrderSort2 (0ms)
			AwakeInstancesAfterBackupRestoration (2ms)
Platform modules already initialized, skipping
Refreshing native plugins compatible for Editor in 2.07 ms, found 2 plugins.
Preloading 0 native plugins for Editor in 0.00 ms.
Unloading 3386 Unused Serialized files (Serialized files now loaded: 0)
Unloading 75 unused Assets / (310.7 KB). Loaded Objects now: 3888.
Memory consumption went from 132.5 MB to 132.2 MB.
Total: 4.734583 ms (FindLiveObjects: 0.096209 ms CreateObjectMapping: 0.050083 ms MarkObjects: 4.536250 ms  DeleteObjects: 0.051666 ms)

AssetImportParameters requested are different than current active one (requested -> active):
  custom:video-decoder-ogg-theora: a1e56fd34408186e4bbccfd4996cb3dc -> 
  custom:container-muxer-webm: aa71ff27fc2769a1b78a27578f13a17b -> 
  custom:container-demuxer-webm: 4f35f7cbe854078d1ac9338744f61a02 -> 
  custom:video-encoder-webm-vp8: eb34c28f22e8b96e1ab97ce403110664 -> 
  custom:framework-osx-AVFoundation: e770b220cccbd017edd2c1fefb359320 -> 
  custom:audio-encoder-webm-vorbis: bf7c407c2cedff20999df2af8eb42d56 -> 
  custom:container-demuxer-ogg: 62fdf1f143b41e24485cea50d1cbac27 -> 
  custom:video-decoder-webm-vp8: 9c59270c3fd7afecdb556c50c9e8de78 -> 
  custom:audio-decoder-ogg-vorbis: bf7c407c2cedff20999df2af8eb42d56 -> 
========================================================================
Received Prepare
Registering precompiled user dll's ...
Registered in 0.001517 seconds.
Begin MonoManager ReloadAssembly
Thread 0x287f8b000 may have been prematurely finalized
Symbol file LoadedFromMemory is not a mono symbol file
Symbol file LoadedFromMemory is not a mono symbol file
Symbol file LoadedFromMemory is not a mono symbol file
Symbol file LoadedFromMemory is not a mono symbol file
Symbol file LoadedFromMemory is not a mono symbol file
Native extension for iOS target not found
Native extension for Android target not found
Native extension for OSXStandalone target not found
Refreshing native plugins compatible for Editor in 0.57 ms, found 2 plugins.
Preloading 0 native plugins for Editor in 0.00 ms.
Mono: successfully reloaded assembly
- Completed reload, in  0.556 seconds
Domain Reload Profiling:
	ReloadAssembly (556ms)
		BeginReloadAssembly (71ms)
			ExecutionOrderSort (0ms)
			DisableScriptedObjects (3ms)
			BackupInstance (0ms)
			ReleaseScriptingObjects (0ms)
			CreateAndSetChildDomain (27ms)
		EndReloadAssembly (437ms)
			LoadAssemblies (32ms)
			RebuildTransferFunctionScriptingTraits (0ms)
			SetupTypeCache (129ms)
			ReleaseScriptCaches (1ms)
			RebuildScriptCaches (25ms)
			SetupLoadedEditorAssemblies (216ms)
				LogAssemblyErrors (0ms)
				InitializePlatformSupportModulesInManaged (16ms)
				SetLoadedEditorAssemblies (0ms)
				RefreshPlugins (1ms)
				BeforeProcessingInitializeOnLoad (33ms)
				ProcessInitializeOnLoadAttributes (83ms)
				ProcessInitializeOnLoadMethodAttributes (82ms)
				AfterProcessingInitializeOnLoad (1ms)
				EditorAssembliesLoaded (0ms)
			ExecutionOrderSort2 (0ms)
			AwakeInstancesAfterBackupRestoration (2ms)
Platform modules already initialized, skipping
Refreshing native plugins compatible for Editor in 1.89 ms, found 2 plugins.
Preloading 0 native plugins for Editor in 0.00 ms.
Unloading 3386 Unused Serialized files (Serialized files now loaded: 0)
Unloading 66 unused Assets / (307.8 KB). Loaded Objects now: 3891.
Memory consumption went from 132.5 MB to 132.2 MB.
Total: 5.010250 ms (FindLiveObjects: 0.117792 ms CreateObjectMapping: 0.054958 ms MarkObjects: 4.793625 ms  DeleteObjects: 0.043375 ms)

AssetImportParameters requested are different than current active one (requested -> active):
  custom:video-decoder-ogg-theora: a1e56fd34408186e4bbccfd4996cb3dc -> 
  custom:container-muxer-webm: aa71ff27fc2769a1b78a27578f13a17b -> 
  custom:container-demuxer-webm: 4f35f7cbe854078d1ac9338744f61a02 -> 
  custom:video-encoder-webm-vp8: eb34c28f22e8b96e1ab97ce403110664 -> 
  custom:framework-osx-AVFoundation: e770b220cccbd017edd2c1fefb359320 -> 
  custom:audio-encoder-webm-vorbis: bf7c407c2cedff20999df2af8eb42d56 -> 
  custom:container-demuxer-ogg: 62fdf1f143b41e24485cea50d1cbac27 -> 
  custom:video-decoder-webm-vp8: 9c59270c3fd7afecdb556c50c9e8de78 -> 
  custom:audio-decoder-ogg-vorbis: bf7c407c2cedff20999df2af8eb42d56 -> 
========================================================================
Received Import Request.
  Time since last request: 682.125048 seconds.
  path: Assets/hld/bios
  artifactKey: Guid(949bb1803683f4c5d8e3b3b8950e2396) Importer(815301076,1909f56bfc062723c751e8b465ee728b)
Start importing Assets/hld/bios using Guid(949bb1803683f4c5d8e3b3b8950e2396) Importer(815301076,1909f56bfc062723c751e8b465ee728b)  -> (artifact id: '80c6652d6c69e5690c0165bd2b1637ad') in 0.005645 seconds 
========================================================================
Received Import Request.
  Time since last request: 1.415299 seconds.
  path: Assets/hld/bios/Amy_Meisner.jpg
  artifactKey: Guid(0d15825156de04841ba8b11ec4db5aa7) Importer(815301076,1909f56bfc062723c751e8b465ee728b)
Start importing Assets/hld/bios/Amy_Meisner.jpg using Guid(0d15825156de04841ba8b11ec4db5aa7) Importer(815301076,1909f56bfc062723c751e8b465ee728b)  -> (artifact id: '6e38d142dd499c55f7a3b5bc2de9c629') in 0.471179 seconds 
========================================================================
Received Import Request.
  Time since last request: 0.000041 seconds.
  path: Assets/hld/bios/Jerron_Herman.jpg
  artifactKey: Guid(83b09c8c9a4254aaa8db41b0c14f52c9) Importer(815301076,1909f56bfc062723c751e8b465ee728b)
Start importing Assets/hld/bios/Jerron_Herman.jpg using Guid(83b09c8c9a4254aaa8db41b0c14f52c9) Importer(815301076,1909f56bfc062723c751e8b465ee728b)  -> (artifact id: '30d4db3ad2c02c880efbe13401858941') in 0.012555 seconds 
========================================================================
Received Import Request.
  Time since last request: 0.000036 seconds.
  path: Assets/hld/bios/Meredith_Fages.jpg
  artifactKey: Guid(7d76df90e5d914792ac86f8f30413f30) Importer(815301076,1909f56bfc062723c751e8b465ee728b)
Start importing Assets/hld/bios/Meredith_Fages.jpg using Guid(7d76df90e5d914792ac86f8f30413f30) Importer(815301076,1909f56bfc062723c751e8b465ee728b)  -> (artifact id: '307203663b156cb7f8edaef1fb73be50') in 0.014572 seconds 
========================================================================
Received Import Request.
  Time since last request: 0.000051 seconds.
  path: Assets/hld/bios/Tianshi_Suo.jpg
  artifactKey: Guid(30da9cb629c8c4731b0639f23a5d59f6) Importer(815301076,1909f56bfc062723c751e8b465ee728b)
Start importing Assets/hld/bios/Tianshi_Suo.jpg using Guid(30da9cb629c8c4731b0639f23a5d59f6) Importer(815301076,1909f56bfc062723c751e8b465ee728b)  -> (artifact id: '6f1ecff595cdffebb55a91a3e2e06a03') in 0.014355 seconds 
========================================================================
Received Import Request.
  Time since last request: 0.000049 seconds.
  path: Assets/hld/bios/Carmen_Schoenster.png
  artifactKey: Guid(7b6e919d230cf45ceb4584fc3a3c927c) Importer(815301076,1909f56bfc062723c751e8b465ee728b)
Start importing Assets/hld/bios/Carmen_Schoenster.png using Guid(7b6e919d230cf45ceb4584fc3a3c927c) Importer(815301076,1909f56bfc062723c751e8b465ee728b)  -> (artifact id: 'ecf6bd2c555b362656e1064259e22979') in 0.338287 seconds 
========================================================================
Received Import Request.
  Time since last request: 0.000037 seconds.
  path: Assets/hld/bios/Jillian_Hollis.jpg
  artifactKey: Guid(3a2ac17d6d59d4c2fab9b5095d9b32d3) Importer(815301076,1909f56bfc062723c751e8b465ee728b)
Start importing Assets/hld/bios/Jillian_Hollis.jpg using Guid(3a2ac17d6d59d4c2fab9b5095d9b32d3) Importer(815301076,1909f56bfc062723c751e8b465ee728b)  -> (artifact id: 'c0dbd679c86f23f1aee1af28227bb4f9') in 0.016303 seconds 
========================================================================
Received Import Request.
  Time since last request: 0.000035 seconds.
  path: Assets/hld/bios/Donald_Lee.jpg
  artifactKey: Guid(262fff8c29b2a4a4fb1ad86f2ce7247d) Importer(815301076,1909f56bfc062723c751e8b465ee728b)
Start importing Assets/hld/bios/Donald_Lee.jpg using Guid(262fff8c29b2a4a4fb1ad86f2ce7247d) Importer(815301076,1909f56bfc062723c751e8b465ee728b)  -> (artifact id: '067070aae47b7973e654136832d1443a') in 0.018484 seconds 
========================================================================
Received Import Request.
  Time since last request: 0.000052 seconds.
  path: Assets/hld/bios/Sabatino_Verlezza.jpg
  artifactKey: Guid(b2251417a56194e85b9f122adab87cab) Importer(815301076,1909f56bfc062723c751e8b465ee728b)
Start importing Assets/hld/bios/Sabatino_Verlezza.jpg using Guid(b2251417a56194e85b9f122adab87cab) Importer(815301076,1909f56bfc062723c751e8b465ee728b)  -> (artifact id: '1a86b3bed31fa141aa6753831e1d2276') in 0.012640 seconds 
========================================================================
Received Import Request.
  Time since last request: 0.000039 seconds.
  path: Assets/hld/bios/Louisa_Mann.jpg
  artifactKey: Guid(0038a603f56c042099ba5213d6ce1521) Importer(815301076,1909f56bfc062723c751e8b465ee728b)
Start importing Assets/hld/bios/Louisa_Mann.jpg using Guid(0038a603f56c042099ba5213d6ce1521) Importer(815301076,1909f56bfc062723c751e8b465ee728b)  -> (artifact id: 'a563752755c450be2ee9dadf65b41977') in 0.013332 seconds 
========================================================================
Received Import Request.
  Time since last request: 0.000037 seconds.
  path: Assets/hld/bios/Jaclyn_Rea.jpg
  artifactKey: Guid(7f8a61f0262c14196bf95d32e22533e4) Importer(815301076,1909f56bfc062723c751e8b465ee728b)
Start importing Assets/hld/bios/Jaclyn_Rea.jpg using Guid(7f8a61f0262c14196bf95d32e22533e4) Importer(815301076,1909f56bfc062723c751e8b465ee728b)  -> (artifact id: '97eb8bf77cb0c1f345c41e699963dd72') in 0.015387 seconds 
========================================================================
Received Import Request.
  Time since last request: 0.000041 seconds.
  path: Assets/hld/bios/Desmond_Cadogan.jpg
  artifactKey: Guid(abb39c19e477a494680204d1b797f1cc) Importer(815301076,1909f56bfc062723c751e8b465ee728b)
Start importing Assets/hld/bios/Desmond_Cadogan.jpg using Guid(abb39c19e477a494680204d1b797f1cc) Importer(815301076,1909f56bfc062723c751e8b465ee728b)  -> (artifact id: '31860b258c6ce8f4e63c060b1fb0b198') in 0.012945 seconds 
========================================================================
Received Import Request.
  Time since last request: 0.000081 seconds.
  path: Assets/hld/bios/Leslie_Taub.jpg
  artifactKey: Guid(55fec25263a4b425e9c4f8518561b394) Importer(815301076,1909f56bfc062723c751e8b465ee728b)
Start importing Assets/hld/bios/Leslie_Taub.jpg using Guid(55fec25263a4b425e9c4f8518561b394) Importer(815301076,1909f56bfc062723c751e8b465ee728b)  -> (artifact id: '021baec56a80153a66150d15a9f4a0f0') in 0.014289 seconds 
========================================================================
Received Import Request.
  Time since last request: 0.000045 seconds.
  path: Assets/hld/bios/Chris_Braz.jpg
  artifactKey: Guid(f86643897a5f54ed8bcebb705878f2c6) Importer(815301076,1909f56bfc062723c751e8b465ee728b)
Start importing Assets/hld/bios/Chris_Braz.jpg using Guid(f86643897a5f54ed8bcebb705878f2c6) Importer(815301076,1909f56bfc062723c751e8b465ee728b)  -> (artifact id: '7d04819b31972e22c6cb9a73dc08adca') in 0.014016 seconds 
========================================================================
Received Import Request.
  Time since last request: 0.000035 seconds.
  path: Assets/hld/bios/Victoria_Dombroski.jpeg
  artifactKey: Guid(00d5be4cf29f9474bbc6038ee6802fdd) Importer(815301076,1909f56bfc062723c751e8b465ee728b)
Start importing Assets/hld/bios/Victoria_Dombroski.jpeg using Guid(00d5be4cf29f9474bbc6038ee6802fdd) Importer(815301076,1909f56bfc062723c751e8b465ee728b)  -> (artifact id: '57c84b47b7ef3338bd791aefeeb85874') in 0.049074 seconds 
========================================================================
Received Import Request.
  Time since last request: 0.000032 seconds.
  path: Assets/hld/bios/Kelly_Ramis.jpg
  artifactKey: Guid(64bc32463451c4140b2c25f8998ee38f) Importer(815301076,1909f56bfc062723c751e8b465ee728b)
Start importing Assets/hld/bios/Kelly_Ramis.jpg using Guid(64bc32463451c4140b2c25f8998ee38f) Importer(815301076,1909f56bfc062723c751e8b465ee728b)  -> (artifact id: '6ded109293e514b842d5f642dbae1367') in 0.013845 seconds 
========================================================================
Received Import Request.
  Time since last request: 0.000039 seconds.
  path: Assets/hld/bios/Tiffany_Geigel.jpg
  artifactKey: Guid(62dabb334942747cd90b6179dd32a215) Importer(815301076,1909f56bfc062723c751e8b465ee728b)
Start importing Assets/hld/bios/Tiffany_Geigel.jpg using Guid(62dabb334942747cd90b6179dd32a215) Importer(815301076,1909f56bfc062723c751e8b465ee728b)  -> (artifact id: '7840217b79a626452bdd864ad8606a14') in 0.013602 seconds 
========================================================================
Received Import Request.
  Time since last request: 0.000028 seconds.
  path: Assets/hld/bios/Peter_Trojic.jpg
  artifactKey: Guid(3dbceb6d31fe0466e9f8403377aacc0b) Importer(815301076,1909f56bfc062723c751e8b465ee728b)
Start importing Assets/hld/bios/Peter_Trojic.jpg using Guid(3dbceb6d31fe0466e9f8403377aacc0b) Importer(815301076,1909f56bfc062723c751e8b465ee728b)  -> (artifact id: '6c454289fb83a078d49354460c644c4c') in 0.012750 seconds 
========================================================================
Received Import Request.
  Time since last request: 0.000037 seconds.
  path: Assets/hld/bios/Nico_Gonzales.png
  artifactKey: Guid(cfa7277e30c424f05ac19cc848122574) Importer(815301076,1909f56bfc062723c751e8b465ee728b)
Start importing Assets/hld/bios/Nico_Gonzales.png using Guid(cfa7277e30c424f05ac19cc848122574) Importer(815301076,1909f56bfc062723c751e8b465ee728b)  -> (artifact id: '8a28187bb6926e090b6943b84087a7ac') in 0.017533 seconds 
========================================================================
Received Import Request.
  Time since last request: 27.834314 seconds.
  path: Assets/hld/displayed
  artifactKey: Guid(6bbce5a53d9044ed5b0cb1789d4a8d16) Importer(815301076,1909f56bfc062723c751e8b465ee728b)
Start importing Assets/hld/displayed using Guid(6bbce5a53d9044ed5b0cb1789d4a8d16) Importer(815301076,1909f56bfc062723c751e8b465ee728b)  -> (artifact id: '0c05cf427ccb66da630a570da768cae4') in 0.001209 seconds 
========================================================================
Received Import Request.
  Time since last request: 1.005695 seconds.
  path: Assets/hld/displayed/audio
  artifactKey: Guid(3d1f223b530cb487f92a633e423297d1) Importer(815301076,1909f56bfc062723c751e8b465ee728b)
Start importing Assets/hld/displayed/audio using Guid(3d1f223b530cb487f92a633e423297d1) Importer(815301076,1909f56bfc062723c751e8b465ee728b)  -> (artifact id: '5a86012b3a135e0f287c422b77fc6cfe') in 0.000998 seconds 
========================================================================
Received Import Request.
  Time since last request: 0.050699 seconds.
  path: Assets/hld/displayed/audio/audio_captions.mp3
  artifactKey: Guid(2483a92f663b74aaab813610a8300521) Importer(815301076,1909f56bfc062723c751e8b465ee728b)
Start importing Assets/hld/displayed/audio/audio_captions.mp3 using Guid(2483a92f663b74aaab813610a8300521) Importer(815301076,1909f56bfc062723c751e8b465ee728b)  -> (artifact id: '8888ecd3bfd68916d05bc6faa98fc4f4') in 0.468398 seconds 
========================================================================
Received Import Request.
  Time since last request: 0.000044 seconds.
  path: Assets/hld/displayed/audio/background.jpg
  artifactKey: Guid(554d52dccc941434a9c9f1df1241a794) Importer(815301076,1909f56bfc062723c751e8b465ee728b)
Start importing Assets/hld/displayed/audio/background.jpg using Guid(554d52dccc941434a9c9f1df1241a794) Importer(815301076,1909f56bfc062723c751e8b465ee728b)  -> (artifact id: 'd347284f518f7a1b2aa2c6bb921c3ca0') in 0.012225 seconds 
========================================================================
Received Import Request.
  Time since last request: 5.169410 seconds.
  path: Assets/hld/OnDisplay
  artifactKey: Guid(5d848c189207b40638b4d304339c8f06) Importer(815301076,1909f56bfc062723c751e8b465ee728b)
Start importing Assets/hld/OnDisplay using Guid(5d848c189207b40638b4d304339c8f06) Importer(815301076,1909f56bfc062723c751e8b465ee728b)  -> (artifact id: '090eb8f3eedd0094182b4077dbdd46ae') in 0.001330 seconds 
========================================================================
Received Import Request.
  Time since last request: 1.528861 seconds.
  path: Assets/hld/OnDisplay/Narratives
  artifactKey: Guid(3731d6271fd64430ba0447e3b8790c09) Importer(815301076,1909f56bfc062723c751e8b465ee728b)
Start importing Assets/hld/OnDisplay/Narratives using Guid(3731d6271fd64430ba0447e3b8790c09) Importer(815301076,1909f56bfc062723c751e8b465ee728b)  -> (artifact id: '7f40fa8b9faae8e41e92dde85bb0c311') in 0.001311 seconds 
========================================================================
Received Import Request.
  Time since last request: 2.463285 seconds.
  path: Assets/hld/OnDisplay/Narratives/Photos
  artifactKey: Guid(d8e455099d2134abea7d7e3c1e24ae4b) Importer(815301076,1909f56bfc062723c751e8b465ee728b)
Start importing Assets/hld/OnDisplay/Narratives/Photos using Guid(d8e455099d2134abea7d7e3c1e24ae4b) Importer(815301076,1909f56bfc062723c751e8b465ee728b)  -> (artifact id: 'b25b654c40cc93442bcb365de0ae4ec1') in 0.000959 seconds 
========================================================================
Received Import Request.
  Time since last request: 0.843030 seconds.
  path: Assets/hld/OnDisplay/Narratives/Captions
  artifactKey: Guid(3c754fb9024044b94b9f64d0848ec2e6) Importer(815301076,1909f56bfc062723c751e8b465ee728b)
Start importing Assets/hld/OnDisplay/Narratives/Captions using Guid(3c754fb9024044b94b9f64d0848ec2e6) Importer(815301076,1909f56bfc062723c751e8b465ee728b)  -> (artifact id: 'b9174595f6a053d5203acec3dcbd8059') in 0.001443 seconds 
========================================================================
Received Import Request.
  Time since last request: 0.406537 seconds.
  path: Assets/hld/OnDisplay/Narratives/Audio
  artifactKey: Guid(c2a455ac13c264628826647c44703801) Importer(815301076,1909f56bfc062723c751e8b465ee728b)
Start importing Assets/hld/OnDisplay/Narratives/Audio using Guid(c2a455ac13c264628826647c44703801) Importer(815301076,1909f56bfc062723c751e8b465ee728b)  -> (artifact id: 'ad432752426fabd4734f39c133a60f26') in 0.001403 seconds 
========================================================================
Received Import Request.
  Time since last request: 1.747755 seconds.
  path: Assets/hld/OnDisplay/Narratives/Audio/Amy_Meisner.wav
  artifactKey: Guid(6a854ab78421e4be79c02192ab2a6fc1) Importer(815301076,1909f56bfc062723c751e8b465ee728b)
Start importing Assets/hld/OnDisplay/Narratives/Audio/Amy_Meisner.wav using Guid(6a854ab78421e4be79c02192ab2a6fc1) Importer(815301076,1909f56bfc062723c751e8b465ee728b)  -> (artifact id: 'fd8f3f95d4faa55a8527f32310f04b04') in 0.471068 seconds 
========================================================================
Received Import Request.
  Time since last request: 0.000044 seconds.
  path: Assets/hld/OnDisplay/Narratives/Audio/Victoria_Dombroski.mp3
  artifactKey: Guid(ae6012a45403f454aa3634c62a952287) Importer(815301076,1909f56bfc062723c751e8b465ee728b)
Start importing Assets/hld/OnDisplay/Narratives/Audio/Victoria_Dombroski.mp3 using Guid(ae6012a45403f454aa3634c62a952287) Importer(815301076,1909f56bfc062723c751e8b465ee728b)  -> (artifact id: '3880298125909d73a069f48be4d60328') in 0.003740 seconds 
========================================================================
Received Import Request.
  Time since last request: 0.000032 seconds.
  path: Assets/hld/OnDisplay/Narratives/Audio/Garrison_Redd.mp3
  artifactKey: Guid(a0c691c02307048ed8effbbc3fb1dbf8) Importer(815301076,1909f56bfc062723c751e8b465ee728b)
Start importing Assets/hld/OnDisplay/Narratives/Audio/Garrison_Redd.mp3 using Guid(a0c691c02307048ed8effbbc3fb1dbf8) Importer(815301076,1909f56bfc062723c751e8b465ee728b)  -> (artifact id: '1f79ba217309a63f036007d0eff6cd76') in 0.002768 seconds 
========================================================================
Received Import Request.
  Time since last request: 0.000034 seconds.
  path: Assets/hld/OnDisplay/Narratives/Audio/Louisa_Mann.mp3
  artifactKey: Guid(53596c0a721e448679f27b5b49aac996) Importer(815301076,1909f56bfc062723c751e8b465ee728b)
Start importing Assets/hld/OnDisplay/Narratives/Audio/Louisa_Mann.mp3 using Guid(53596c0a721e448679f27b5b49aac996) Importer(815301076,1909f56bfc062723c751e8b465ee728b)  -> (artifact id: '2efe39f4440be5696587a0808ce02b2a') in 0.002917 seconds 
========================================================================
Received Import Request.
  Time since last request: 0.000041 seconds.
  path: Assets/hld/OnDisplay/Narratives/Audio/Judy_Garfinkel.mp3
  artifactKey: Guid(c9e1bd239b2f54a6a944d7da8c89c817) Importer(815301076,1909f56bfc062723c751e8b465ee728b)
Start importing Assets/hld/OnDisplay/Narratives/Audio/Judy_Garfinkel.mp3 using Guid(c9e1bd239b2f54a6a944d7da8c89c817) Importer(815301076,1909f56bfc062723c751e8b465ee728b)  -> (artifact id: '999fe0cede1d32b9b324861742b06465') in 0.003067 seconds 
========================================================================
Received Import Request.
  Time since last request: 0.000027 seconds.
  path: Assets/hld/OnDisplay/Narratives/Audio/Rebecca_Alson-Milkman.mp3
  artifactKey: Guid(78723c99b1fb5405d8cc5b74ebd081b2) Importer(815301076,1909f56bfc062723c751e8b465ee728b)
Start importing Assets/hld/OnDisplay/Narratives/Audio/Rebecca_Alson-Milkman.mp3 using Guid(78723c99b1fb5405d8cc5b74ebd081b2) Importer(815301076,1909f56bfc062723c751e8b465ee728b)  -> (artifact id: 'c4826166128ecfac725cf60020486ceb') in 0.002918 seconds 
========================================================================
Received Import Request.
  Time since last request: 0.000038 seconds.
  path: Assets/hld/OnDisplay/Narratives/Audio/Desmond_Cadogan.wav
  artifactKey: Guid(e23be38db21b0482ca17851c161daefa) Importer(815301076,1909f56bfc062723c751e8b465ee728b)
Start importing Assets/hld/OnDisplay/Narratives/Audio/Desmond_Cadogan.wav using Guid(e23be38db21b0482ca17851c161daefa) Importer(815301076,1909f56bfc062723c751e8b465ee728b)  -> (artifact id: 'df074882557972288ad40ce945a66dcb') in 0.004335 seconds 
========================================================================
Received Import Request.
  Time since last request: 0.000036 seconds.
  path: Assets/hld/OnDisplay/Narratives/Audio/Corey_Hill.mp3
  artifactKey: Guid(749a1ec34102c4191a0cbc2e609c3f4a) Importer(815301076,1909f56bfc062723c751e8b465ee728b)
Start importing Assets/hld/OnDisplay/Narratives/Audio/Corey_Hill.mp3 using Guid(749a1ec34102c4191a0cbc2e609c3f4a) Importer(815301076,1909f56bfc062723c751e8b465ee728b)  -> (artifact id: '239d7373bf427e0b62ad7a183492e76b') in 0.002537 seconds 
========================================================================
Received Import Request.
  Time since last request: 0.000027 seconds.
  path: Assets/hld/OnDisplay/Narratives/Audio/HarryJohn_Shephard.mp3
  artifactKey: Guid(549ea61deecc94ec8bbc899ae1a8dc42) Importer(815301076,1909f56bfc062723c751e8b465ee728b)
Start importing Assets/hld/OnDisplay/Narratives/Audio/HarryJohn_Shephard.mp3 using Guid(549ea61deecc94ec8bbc899ae1a8dc42) Importer(815301076,1909f56bfc062723c751e8b465ee728b)  -> (artifact id: '38cea86d490d1bb5a4d718bfa16573f9') in 0.003002 seconds 
========================================================================
Received Import Request.
  Time since last request: 0.000037 seconds.
  path: Assets/hld/OnDisplay/Narratives/Audio/Jaclyn_Rea.mp3
  artifactKey: Guid(ba47933073c63433a909da3954965221) Importer(815301076,1909f56bfc062723c751e8b465ee728b)
Start importing Assets/hld/OnDisplay/Narratives/Audio/Jaclyn_Rea.mp3 using Guid(ba47933073c63433a909da3954965221) Importer(815301076,1909f56bfc062723c751e8b465ee728b)  -> (artifact id: '019938f40b4eaf8bed19c2f3af3adfde') in 0.003929 seconds 
========================================================================
Received Import Request.
  Time since last request: 0.000050 seconds.
  path: Assets/hld/OnDisplay/Narratives/Audio/Jessica_Hayon.mp3
  artifactKey: Guid(8e43914bd7e9f4d57aecf3e3d48cd225) Importer(815301076,1909f56bfc062723c751e8b465ee728b)
Start importing Assets/hld/OnDisplay/Narratives/Audio/Jessica_Hayon.mp3 using Guid(8e43914bd7e9f4d57aecf3e3d48cd225) Importer(815301076,1909f56bfc062723c751e8b465ee728b)  -> (artifact id: '8165f756a82f97d19fc59dd5eb3a1c88') in 0.002857 seconds 
========================================================================
Received Import Request.
  Time since last request: 0.000031 seconds.
  path: Assets/hld/OnDisplay/Narratives/Audio/Valerie_Joseph.mp3
  artifactKey: Guid(898a3fd1b31b3472088c14285985c016) Importer(815301076,1909f56bfc062723c751e8b465ee728b)
Start importing Assets/hld/OnDisplay/Narratives/Audio/Valerie_Joseph.mp3 using Guid(898a3fd1b31b3472088c14285985c016) Importer(815301076,1909f56bfc062723c751e8b465ee728b)  -> (artifact id: '7fc4b1ac1cb3bc19f2707a6d9743ae0c') in 0.002687 seconds 
========================================================================
Received Import Request.
  Time since last request: 27.594312 seconds.
  path: Assets/hld/programNotes
  artifactKey: Guid(62941dee3689c4187bf3ef5d259a6467) Importer(815301076,1909f56bfc062723c751e8b465ee728b)
Start importing Assets/hld/programNotes using Guid(62941dee3689c4187bf3ef5d259a6467) Importer(815301076,1909f56bfc062723c751e8b465ee728b)  -> (artifact id: '1435ee8b23a87e002d699fb8d063e79d') in 0.001148 seconds 
========================================================================
Received Import Request.
  Time since last request: 4.537049 seconds.
  path: Assets/hld/displayed/Narratives
  artifactKey: Guid(d0e9a2eb334f84c3298c861d55c446f2) Importer(815301076,1909f56bfc062723c751e8b465ee728b)
Start importing Assets/hld/displayed/Narratives using Guid(d0e9a2eb334f84c3298c861d55c446f2) Importer(815301076,1909f56bfc062723c751e8b465ee728b)  -> (artifact id: 'df1b82c806a7fa6f0366f1f822aba3af') in 0.001460 seconds 
========================================================================
Received Import Request.
  Time since last request: 1.457004 seconds.
  path: Assets/hld/displayed/Narratives/Audio
  artifactKey: Guid(5f6abaa27037848ada86eaa3ba58087f) Importer(815301076,1909f56bfc062723c751e8b465ee728b)
Start importing Assets/hld/displayed/Narratives/Audio using Guid(5f6abaa27037848ada86eaa3ba58087f) Importer(815301076,1909f56bfc062723c751e8b465ee728b)  -> (artifact id: '64ba62de1d9b6b7ff8b661e0b4d8ddb9') in 0.000816 seconds 
========================================================================
Received Import Request.
  Time since last request: 0.080898 seconds.
  path: Assets/hld/displayed/Narratives/Audio/Amy_Meisner.mp3
  artifactKey: Guid(3213fd22f0f2b4f14bcc5935a9f7efe1) Importer(815301076,1909f56bfc062723c751e8b465ee728b)
Start importing Assets/hld/displayed/Narratives/Audio/Amy_Meisner.mp3 using Guid(3213fd22f0f2b4f14bcc5935a9f7efe1) Importer(815301076,1909f56bfc062723c751e8b465ee728b)  -> (artifact id: 'c233bb1f96d32874e5ad25891f8c377b') in 0.005684 seconds 
========================================================================
Received Import Request.
  Time since last request: 0.000050 seconds.
  path: Assets/hld/displayed/Narratives/Audio/Meredith_Fages.mp3
  artifactKey: Guid(a7facb238e9514217b753d542f07719d) Importer(815301076,1909f56bfc062723c751e8b465ee728b)
Start importing Assets/hld/displayed/Narratives/Audio/Meredith_Fages.mp3 using Guid(a7facb238e9514217b753d542f07719d) Importer(815301076,1909f56bfc062723c751e8b465ee728b)  -> (artifact id: 'cc54bb4ef28f9ad5ac7569f3bb465b57') in 0.003841 seconds 
========================================================================
Received Import Request.
  Time since last request: 0.000038 seconds.
  path: Assets/hld/displayed/Narratives/Audio/Desmond_Cadogan.mp3
  artifactKey: Guid(36e0af35fcd3e40568834fc5f2b8a63e) Importer(815301076,1909f56bfc062723c751e8b465ee728b)
Start importing Assets/hld/displayed/Narratives/Audio/Desmond_Cadogan.mp3 using Guid(36e0af35fcd3e40568834fc5f2b8a63e) Importer(815301076,1909f56bfc062723c751e8b465ee728b)  -> (artifact id: '1f7672eae5f692298fcde6d0a4094704') in 0.003228 seconds 
========================================================================
Received Import Request.
  Time since last request: 0.000029 seconds.
  path: Assets/hld/displayed/Narratives/Audio/Kelly_Ramis.mp3
  artifactKey: Guid(172550bce3e42433fba474c5dadd159f) Importer(815301076,1909f56bfc062723c751e8b465ee728b)
Start importing Assets/hld/displayed/Narratives/Audio/Kelly_Ramis.mp3 using Guid(172550bce3e42433fba474c5dadd159f) Importer(815301076,1909f56bfc062723c751e8b465ee728b)  -> (artifact id: '0ee4e61e5cdaea81440d50f4223c49ee') in 0.003261 seconds 
========================================================================
Received Import Request.
  Time since last request: 0.000030 seconds.
  path: Assets/hld/displayed/Narratives/Audio/Tianshi_Suo.mp3
  artifactKey: Guid(63f6cd7a643d04a6cb6651c6a090b54c) Importer(815301076,1909f56bfc062723c751e8b465ee728b)
Start importing Assets/hld/displayed/Narratives/Audio/Tianshi_Suo.mp3 using Guid(63f6cd7a643d04a6cb6651c6a090b54c) Importer(815301076,1909f56bfc062723c751e8b465ee728b)  -> (artifact id: 'bf8466c173512768d924e5f5817c09f9') in 0.004129 seconds 
========================================================================
Received Import Request.
  Time since last request: 0.000029 seconds.
  path: Assets/hld/displayed/Narratives/Audio/Louisa_Mann.mp3
  artifactKey: Guid(f6b43ea67a6e543e88e0ffcdcc262fc0) Importer(815301076,1909f56bfc062723c751e8b465ee728b)
Start importing Assets/hld/displayed/Narratives/Audio/Louisa_Mann.mp3 using Guid(f6b43ea67a6e543e88e0ffcdcc262fc0) Importer(815301076,1909f56bfc062723c751e8b465ee728b)  -> (artifact id: '121e168bc28f60f45b43efd55df08914') in 0.003354 seconds 
========================================================================
Received Import Request.
  Time since last request: 0.000045 seconds.
  path: Assets/hld/displayed/Narratives/Audio/Carmen_Schoenster.mp3
  artifactKey: Guid(9228ef6308e5f4e8d9c149afa393bf3c) Importer(815301076,1909f56bfc062723c751e8b465ee728b)
Start importing Assets/hld/displayed/Narratives/Audio/Carmen_Schoenster.mp3 using Guid(9228ef6308e5f4e8d9c149afa393bf3c) Importer(815301076,1909f56bfc062723c751e8b465ee728b)  -> (artifact id: '8c1355b5e1d1607e984bb1b8b2ae824c') in 0.003222 seconds 
========================================================================
Received Import Request.
  Time since last request: 0.000037 seconds.
  path: Assets/hld/displayed/Narratives/Audio/Peter_Trojic.mp3
  artifactKey: Guid(0597cb960804b4e2ab05bd0e376e2950) Importer(815301076,1909f56bfc062723c751e8b465ee728b)
Start importing Assets/hld/displayed/Narratives/Audio/Peter_Trojic.mp3 using Guid(0597cb960804b4e2ab05bd0e376e2950) Importer(815301076,1909f56bfc062723c751e8b465ee728b)  -> (artifact id: '86be63a2dce1bf3d61175cb54fd99b16') in 0.003007 seconds 
========================================================================
Received Import Request.
  Time since last request: 0.000142 seconds.
  path: Assets/hld/displayed/Narratives/Audio/Chris_Braz.mp3
  artifactKey: Guid(b6a2649ac256949c8878d2cdf16b2ea7) Importer(815301076,1909f56bfc062723c751e8b465ee728b)
Start importing Assets/hld/displayed/Narratives/Audio/Chris_Braz.mp3 using Guid(b6a2649ac256949c8878d2cdf16b2ea7) Importer(815301076,1909f56bfc062723c751e8b465ee728b)  -> (artifact id: 'f65c96c935d2fe93f5ea76f6aa74c45f') in 0.003617 seconds 
========================================================================
Received Import Request.
  Time since last request: 0.000031 seconds.
  path: Assets/hld/displayed/Narratives/Audio/Jerron_Herman.mp3
  artifactKey: Guid(77ae7e03b4c284390ad29646c76c0b6e) Importer(815301076,1909f56bfc062723c751e8b465ee728b)
Start importing Assets/hld/displayed/Narratives/Audio/Jerron_Herman.mp3 using Guid(77ae7e03b4c284390ad29646c76c0b6e) Importer(815301076,1909f56bfc062723c751e8b465ee728b)  -> (artifact id: '85ce8c79f8128c5ec696686b5c5cb19b') in 0.003245 seconds 
========================================================================
Received Import Request.
  Time since last request: 0.000035 seconds.
  path: Assets/hld/displayed/Narratives/Audio/Nico_Gonzales.mp3
  artifactKey: Guid(57f8d39932b364c3397297f2f7a5e168) Importer(815301076,1909f56bfc062723c751e8b465ee728b)
Start importing Assets/hld/displayed/Narratives/Audio/Nico_Gonzales.mp3 using Guid(57f8d39932b364c3397297f2f7a5e168) Importer(815301076,1909f56bfc062723c751e8b465ee728b)  -> (artifact id: '85dcf2effab7c3c9026e6f39fa8decdc') in 0.003345 seconds 
========================================================================
Received Import Request.
  Time since last request: 0.000033 seconds.
  path: Assets/hld/displayed/Narratives/Audio/Jaclyn_Rea.mp3
  artifactKey: Guid(a6b487bf6a7a04fdab0ae908704b0c7e) Importer(815301076,1909f56bfc062723c751e8b465ee728b)
Start importing Assets/hld/displayed/Narratives/Audio/Jaclyn_Rea.mp3 using Guid(a6b487bf6a7a04fdab0ae908704b0c7e) Importer(815301076,1909f56bfc062723c751e8b465ee728b)  -> (artifact id: '11fb9bb4b10551491e1511d2aa1188da') in 0.003025 seconds 
========================================================================
Received Import Request.
  Time since last request: 0.000037 seconds.
  path: Assets/hld/displayed/Narratives/Audio/Jillian_Hollis.mp3
  artifactKey: Guid(1216dd55f6a8047ddb050964829be446) Importer(815301076,1909f56bfc062723c751e8b465ee728b)
Start importing Assets/hld/displayed/Narratives/Audio/Jillian_Hollis.mp3 using Guid(1216dd55f6a8047ddb050964829be446) Importer(815301076,1909f56bfc062723c751e8b465ee728b)  -> (artifact id: '1851db9a4ddc3c8c0cba518890dc7268') in 0.003403 seconds 
========================================================================
Received Import Request.
  Time since last request: 0.000036 seconds.
  path: Assets/hld/displayed/Narratives/Audio/Tiffany_Geigel.mp3
  artifactKey: Guid(d18c32ac70053444f8928466fb8d7758) Importer(815301076,1909f56bfc062723c751e8b465ee728b)
Start importing Assets/hld/displayed/Narratives/Audio/Tiffany_Geigel.mp3 using Guid(d18c32ac70053444f8928466fb8d7758) Importer(815301076,1909f56bfc062723c751e8b465ee728b)  -> (artifact id: 'ff9ae8c49d784b031cac6e77fc43fd48') in 0.003114 seconds 
========================================================================
Received Import Request.
  Time since last request: 0.000044 seconds.
  path: Assets/hld/displayed/Narratives/Audio/Victoria_Dombroski.mp3
  artifactKey: Guid(7605d8c8242124c32832152aaa60e638) Importer(815301076,1909f56bfc062723c751e8b465ee728b)
Start importing Assets/hld/displayed/Narratives/Audio/Victoria_Dombroski.mp3 using Guid(7605d8c8242124c32832152aaa60e638) Importer(815301076,1909f56bfc062723c751e8b465ee728b)  -> (artifact id: 'c3dde14d576967eb8323b8e06d547e1d') in 0.003222 seconds 
========================================================================
Received Import Request.
  Time since last request: 0.000031 seconds.
  path: Assets/hld/displayed/Narratives/Audio/Leslie_Taub.mp3
  artifactKey: Guid(0e176c730a40d4fd89bf015e18ad28fb) Importer(815301076,1909f56bfc062723c751e8b465ee728b)
Start importing Assets/hld/displayed/Narratives/Audio/Leslie_Taub.mp3 using Guid(0e176c730a40d4fd89bf015e18ad28fb) Importer(815301076,1909f56bfc062723c751e8b465ee728b)  -> (artifact id: '94fa7c923f075c230784f8e4b610c5c9') in 0.003100 seconds 
========================================================================
Received Import Request.
  Time since last request: 0.000028 seconds.
  path: Assets/hld/displayed/Narratives/Audio/Donald_Lee.mp3
  artifactKey: Guid(09b40bc3b61f241a48d3e40cab8a277b) Importer(815301076,1909f56bfc062723c751e8b465ee728b)
Start importing Assets/hld/displayed/Narratives/Audio/Donald_Lee.mp3 using Guid(09b40bc3b61f241a48d3e40cab8a277b) Importer(815301076,1909f56bfc062723c751e8b465ee728b)  -> (artifact id: '3d7e989d571088936f2aba2982e4845b') in 0.003309 seconds 
========================================================================
Received Import Request.
  Time since last request: 21.027138 seconds.
  path: Assets/hld/displayed/Narratives/new_files_staging
  artifactKey: Guid(dd5379f746dae4385859f7834d7a842d) Importer(815301076,1909f56bfc062723c751e8b465ee728b)
Start importing Assets/hld/displayed/Narratives/new_files_staging using Guid(dd5379f746dae4385859f7834d7a842d) Importer(815301076,1909f56bfc062723c751e8b465ee728b)  -> (artifact id: 'a84b05c1afe0fa0fd0a2b93654b3054b') in 0.001011 seconds 
========================================================================
Received Import Request.
  Time since last request: 7.047685 seconds.
  path: Assets/hld/displayed/Narratives/new_files_staging/AJ Guevara.jpg
  artifactKey: Guid(f8c9b24e61e5447afb6c5b04f6dafd05) Importer(815301076,1909f56bfc062723c751e8b465ee728b)
Start importing Assets/hld/displayed/Narratives/new_files_staging/AJ Guevara.jpg using Guid(f8c9b24e61e5447afb6c5b04f6dafd05) Importer(815301076,1909f56bfc062723c751e8b465ee728b)  -> (artifact id: '10502535d142161cff2ed9bff1a250b2') in 0.004764 seconds 
========================================================================
Received Import Request.
  Time since last request: 0.000045 seconds.
  path: Assets/hld/displayed/Narratives/new_files_staging/Liz Hepp.jpg
  artifactKey: Guid(9c1dbc417f59949d590f8ddbae63a976) Importer(815301076,1909f56bfc062723c751e8b465ee728b)
Start importing Assets/hld/displayed/Narratives/new_files_staging/Liz Hepp.jpg using Guid(9c1dbc417f59949d590f8ddbae63a976) Importer(815301076,1909f56bfc062723c751e8b465ee728b)  -> (artifact id: 'bb6d5cb312de1291ce5e5fdef69d675b') in 0.004618 seconds 
========================================================================
Received Import Request.
  Time since last request: 0.000045 seconds.
  path: Assets/hld/displayed/Narratives/new_files_staging/Joey Kipp.jpg
  artifactKey: Guid(0339b6a89a4964678824d2762ce0b86f) Importer(815301076,1909f56bfc062723c751e8b465ee728b)
Start importing Assets/hld/displayed/Narratives/new_files_staging/Joey Kipp.jpg using Guid(0339b6a89a4964678824d2762ce0b86f) Importer(815301076,1909f56bfc062723c751e8b465ee728b)  -> (artifact id: '7e4d70d409510551de881468be3a301a') in 0.005466 seconds 
========================================================================
Received Import Request.
  Time since last request: 0.000042 seconds.
  path: Assets/hld/displayed/Narratives/new_files_staging/Roxanne Young .jpg
  artifactKey: Guid(b6eb1274661fd46c194c4b0c074c62ea) Importer(815301076,1909f56bfc062723c751e8b465ee728b)
Start importing Assets/hld/displayed/Narratives/new_files_staging/Roxanne Young .jpg using Guid(b6eb1274661fd46c194c4b0c074c62ea) Importer(815301076,1909f56bfc062723c751e8b465ee728b)  -> (artifact id: '22f7f2b889a87217c7235edaf6485bff') in 0.004163 seconds 
========================================================================
Received Import Request.
  Time since last request: 0.000033 seconds.
  path: Assets/hld/displayed/Narratives/new_files_staging/Caitlin Knowles.jpg
  artifactKey: Guid(bb25845fc8576459baf57be4a02c5ef8) Importer(815301076,1909f56bfc062723c751e8b465ee728b)
Start importing Assets/hld/displayed/Narratives/new_files_staging/Caitlin Knowles.jpg using Guid(bb25845fc8576459baf57be4a02c5ef8) Importer(815301076,1909f56bfc062723c751e8b465ee728b)  -> (artifact id: '7adbb5f4d721685cbaa2f29a435f428a') in 0.004214 seconds 
========================================================================
Received Import Request.
  Time since last request: 0.000034 seconds.
  path: Assets/hld/displayed/Narratives/new_files_staging/Nico Gonzalez.jpg
  artifactKey: Guid(f7bff49a90eaf4d8d8a84c9b3a0273bb) Importer(815301076,1909f56bfc062723c751e8b465ee728b)
Start importing Assets/hld/displayed/Narratives/new_files_staging/Nico Gonzalez.jpg using Guid(f7bff49a90eaf4d8d8a84c9b3a0273bb) Importer(815301076,1909f56bfc062723c751e8b465ee728b)  -> (artifact id: 'ea96008fd025187183ccc8e994ea7677') in 0.004301 seconds 
